#
# There is insufficient memory for the Java Runtime Environment to continue.
# Native memory allocation (mmap) failed to map 147324928 bytes for committing reserved memory.
# Possible reasons:
#   The system is out of physical RAM or swap space
#   The process is running with CompressedOops enabled, and the Java Heap may be blocking the growth of the native heap
# Possible solutions:
#   Reduce memory load on the system
#   Increase physical memory or swap space
#   Check if swap backing store is full
#   Decrease Java heap size (-Xmx/-Xms)
#   Decrease number of Java threads
#   Decrease Java thread stack sizes (-Xss)
#   Set larger code cache with -XX:ReservedCodeCacheSize=
#   JVM is running with Unscaled Compressed Oops mode in which the Java heap is
#     placed in the first 4GB address space. The Java Heap base address is the
#     maximum limit for the native heap growth. Please use -XX:HeapBaseMinAddress
#     to set the Java Heap base and to place the Java Heap above 4GB virtual address.
# This output file may be truncated or incomplete.
#
#  Out of Memory Error (os_linux.cpp:2792), pid=5593, tid=0x00007f64e6920700
#
# JRE version: OpenJDK Runtime Environment (8.0_265-b01) (build 1.8.0_265-8u265-b01-0ubuntu2~18.04-b01)
# Java VM: OpenJDK 64-Bit Server VM (25.265-b01 mixed mode linux-amd64 compressed oops)
# Failed to write core dump. Core dumps have been disabled. To enable core dumping, try "ulimit -c unlimited" before starting Java again
#

---------------  T H R E A D  ---------------

Current thread (0x00007f6504079800):  VMThread [stack: 0x00007f64e6821000,0x00007f64e6921000] [id=5599]

Stack: [0x00007f64e6821000,0x00007f64e6921000],  sp=0x00007f64e691f370,  free space=1016k
Native frames: (J=compiled Java code, j=interpreted, Vv=VM code, C=native code)
V  [libjvm.so+0xabaae2]
V  [libjvm.so+0x4de3f7]
V  [libjvm.so+0x8f0560]
V  [libjvm.so+0x8e74be]
V  [libjvm.so+0x96eb16]
V  [libjvm.so+0x95d34a]
V  [libjvm.so+0x95d518]
V  [libjvm.so+0x95e120]
V  [libjvm.so+0x9644dc]
V  [libjvm.so+0x96c735]
V  [libjvm.so+0x91ae28]
V  [libjvm.so+0xabc812]
V  [libjvm.so+0xac11b6]
V  [libjvm.so+0xabf14e]
V  [libjvm.so+0xabfd5b]
V  [libjvm.so+0xac0198]
V  [libjvm.so+0x8ed782]

VM_Operation (0x00007f64a5bf5a00): ParallelGCFailedAllocation, mode: safepoint, requested by thread 0x00007f6504459000


---------------  P R O C E S S  ---------------

Java Threads: ( => current thread )
  0x00007f65042d8800 JavaThread "http-nio-8084-AsyncTimeout" daemon [_thread_blocked, id=5827, stack(0x00007f64a4af1000,0x00007f64a4bf2000)]
  0x00007f6504284000 JavaThread "http-nio-8084-Acceptor-0" daemon [_thread_in_native, id=5826, stack(0x00007f64a4bf2000,0x00007f64a4cf3000)]
  0x00007f6504263800 JavaThread "http-nio-8084-ClientPoller-1" daemon [_thread_in_native, id=5825, stack(0x00007f64a4cf3000,0x00007f64a4df4000)]
  0x00007f65042a4000 JavaThread "http-nio-8084-ClientPoller-0" daemon [_thread_in_native, id=5824, stack(0x00007f64a4df4000,0x00007f64a4ef5000)]
  0x00007f65040d3800 JavaThread "http-nio-8084-exec-10" daemon [_thread_blocked, id=5823, stack(0x00007f64a4ef5000,0x00007f64a4ff6000)]
  0x00007f6504184000 JavaThread "http-nio-8084-exec-9" daemon [_thread_blocked, id=5822, stack(0x00007f64a4ff6000,0x00007f64a50f7000)]
  0x00007f6504182000 JavaThread "http-nio-8084-exec-8" daemon [_thread_blocked, id=5821, stack(0x00007f64a50f7000,0x00007f64a51f8000)]
  0x00007f6504180000 JavaThread "http-nio-8084-exec-7" daemon [_thread_blocked, id=5820, stack(0x00007f64a51f8000,0x00007f64a52f9000)]
  0x00007f650417e800 JavaThread "http-nio-8084-exec-6" daemon [_thread_blocked, id=5819, stack(0x00007f64a52f9000,0x00007f64a53fa000)]
  0x00007f650445e800 JavaThread "http-nio-8084-exec-5" daemon [_thread_blocked, id=5817, stack(0x00007f64a53fa000,0x00007f64a54fb000)]
  0x00007f650445c800 JavaThread "http-nio-8084-exec-4" daemon [_thread_blocked, id=5816, stack(0x00007f64a54fb000,0x00007f64a55fc000)]
  0x00007f650445b000 JavaThread "http-nio-8084-exec-3" daemon [_thread_blocked, id=5815, stack(0x00007f64a55fc000,0x00007f64a56fd000)]
  0x00007f650445a000 JavaThread "http-nio-8084-exec-2" daemon [_thread_blocked, id=5814, stack(0x00007f64a5bfe000,0x00007f64a5cff000)]
  0x00007f6504459000 JavaThread "http-nio-8084-exec-1" daemon [_thread_blocked, id=5813, stack(0x00007f64a5afd000,0x00007f64a5bfe000)]
  0x00007f6504458000 JavaThread "ContainerBackgroundProcessor[StandardEngine[Catalina]]" daemon [_thread_blocked, id=5812, stack(0x00007f64a5cff000,0x00007f64a5e00000)]
  0x00007f64a0cf9800 JavaThread "mysql-cj-abandoned-connection-cleanup" daemon [_thread_blocked, id=5635, stack(0x00007f64e40d9000,0x00007f64e41da000)]
  0x00007f65045ed800 JavaThread "NioBlockingSelector.BlockPoller-1" daemon [_thread_blocked, id=5611, stack(0x00007f64e4ef2000,0x00007f64e4ff3000)]
  0x00007f650456b000 JavaThread "GC Daemon" daemon [_thread_blocked, id=5610, stack(0x00007f64e5226000,0x00007f64e5327000)]
  0x00007f65041d7000 JavaThread "AsyncFileHandlerWriter-746292446" daemon [_thread_blocked, id=5608, stack(0x00007f64e57ac000,0x00007f64e58ad000)]
  0x00007f65040dd800 JavaThread "Service Thread" daemon [_thread_blocked, id=5606, stack(0x00007f64e5e0b000,0x00007f64e5f0c000)]
  0x00007f65040c0800 JavaThread "C1 CompilerThread2" daemon [_thread_blocked, id=5605, stack(0x00007f64e5f0d000,0x00007f64e600d000)]
  0x00007f65040bf000 JavaThread "C2 CompilerThread1" daemon [_thread_blocked, id=5604, stack(0x00007f64e600e000,0x00007f64e610e000)]
  0x00007f65040bc000 JavaThread "C2 CompilerThread0" daemon [_thread_blocked, id=5603, stack(0x00007f64e610f000,0x00007f64e620f000)]
  0x00007f65040ba800 JavaThread "Signal Dispatcher" daemon [_thread_blocked, id=5602, stack(0x00007f64e620f000,0x00007f64e6310000)]
  0x00007f6504087800 JavaThread "Finalizer" daemon [_thread_blocked, id=5601, stack(0x00007f64e661e000,0x00007f64e671f000)]
  0x00007f6504083000 JavaThread "Reference Handler" daemon [_thread_blocked, id=5600, stack(0x00007f64e671f000,0x00007f64e6820000)]
  0x00007f650400b800 JavaThread "main" [_thread_in_native, id=5594, stack(0x00007f650bb0c000,0x00007f650bc0c000)]

Other Threads:
=>0x00007f6504079800 VMThread [stack: 0x00007f64e6821000,0x00007f64e6921000] [id=5599]
  0x00007f65040e0800 WatcherThread [stack: 0x00007f64e5d0b000,0x00007f64e5e0b000] [id=5607]

VM state:at safepoint (normal execution)

VM Mutex/Monitor currently owned by a thread:  ([mutex/lock_event])
[0x00007f6504007fe0] ExpandHeap_lock - owner thread: 0x00007f6504079800
[0x00007f6504008660] Threads_lock - owner thread: 0x00007f6504079800
[0x00007f6504008b60] Heap_lock - owner thread: 0x00007f6504459000

heap address: 0x0000000083400000, size: 1996 MB, Compressed Oops mode: 32-bit
Narrow klass base: 0x0000000000000000, Narrow klass shift: 3
Compressed class space size: 1073741824 Address: 0x0000000100000000

Heap:
 PSYoungGen      total 626688K, used 28981K [0x00000000d6700000, 0x0000000100000000, 0x0000000100000000)
  eden space 572416K, 0% used [0x00000000d6700000,0x00000000d6700000,0x00000000f9600000)
  from space 54272K, 53% used [0x00000000f9600000,0x00000000fb24d678,0x00000000fcb00000)
  to   space 54272K, 0% used [0x00000000fcb00000,0x00000000fcb00000,0x0000000100000000)
 ParOldGen       total 168448K, used 168149K [0x0000000083400000, 0x000000008d880000, 0x00000000d6700000)
  object space 168448K, 99% used [0x0000000083400000,0x000000008d835408,0x000000008d880000)
 Metaspace       used 81362K, capacity 84500K, committed 85080K, reserved 1124352K
  class space    used 9772K, capacity 10437K, committed 10584K, reserved 1048576K

Card table byte_map: [0x00007f64f4c19000,0x00007f64f5000000] byte_map_base: 0x00007f64f47ff000

Marking Bits: (ParMarkBitMap*) 0x00007f650ad93520
 Begin Bits: [0x00007f64ec1a0000, 0x00007f64ee0d0000)
 End Bits:   [0x00007f64ee0d0000, 0x00007f64f0000000)

Polling page: 0x00007f650bc14000

CodeCache: size=245760Kb used=44674Kb max_used=44992Kb free=201085Kb
 bounds [0x00007f64f5000000, 0x00007f64f7c30000, 0x00007f6504000000]
 total_blobs=13687 nmethods=13042 adapters=557
 compilation: enabled

Compilation events (10 events):
Event: 28340.487 Thread 0x00007f65040bf000 nmethod 16534 0x00007f64f510eed0 code [0x00007f64f510f020, 0x00007f64f510f118]
Event: 28340.487 Thread 0x00007f65040bf000 16535       4       java.util.LinkedHashMap$LinkedValues::iterator (12 bytes)
Event: 28340.488 Thread 0x00007f65040bf000 nmethod 16535 0x00007f64f677abd0 code [0x00007f64f677ad20, 0x00007f64f677ae38]
Event: 28340.491 Thread 0x00007f65040bc000 nmethod 16532 0x00007f64f59dc490 code [0x00007f64f59dc640, 0x00007f64f59dcac8]
Event: 28340.505 Thread 0x00007f65040bf000 16536       4       org.hibernate.engine.internal.TwoPhaseLoad::postHydrate (100 bytes)
Event: 28340.505 Thread 0x00007f65040bc000 16537       4       org.hibernate.loader.Loader::instanceNotYetLoaded (210 bytes)
Event: 28340.515 Thread 0x00007f65040bf000 nmethod 16536 0x00007f64f66d3410 code [0x00007f64f66d35c0, 0x00007f64f66d3ac8]
Event: 28340.517 Thread 0x00007f65040bf000 16538       4       org.hibernate.loader.Loader::getInstanceClass (99 bytes)
Event: 28340.518 Thread 0x00007f65040bf000 nmethod 16538 0x00007f64f5cebe10 code [0x00007f64f5cebf60, 0x00007f64f5cec058]
Event: 28340.520 Thread 0x00007f65040bf000 16539       4       org.hibernate.loader.Loader::loadFromResultSet (297 bytes)

GC Heap History (10 events):
Event: 26904.665 GC heap after
Heap after GC invocations=16 (full 3):
 PSYoungGen      total 637440K, used 18706K [0x00000000d6700000, 0x00000000fff00000, 0x0000000100000000)
  eden space 593920K, 0% used [0x00000000d6700000,0x00000000d6700000,0x00000000fab00000)
  from space 43520K, 42% used [0x00000000fab00000,0x00000000fbd44be8,0x00000000fd580000)
  to   space 41472K, 0% used [0x00000000fd680000,0x00000000fd680000,0x00000000fff00000)
 ParOldGen       total 112640K, used 46847K [0x0000000083400000, 0x000000008a200000, 0x00000000d6700000)
  object space 112640K, 41% used [0x0000000083400000,0x00000000861bff78,0x000000008a200000)
 Metaspace       used 73394K, capacity 75678K, committed 75864K, reserved 1116160K
  class space    used 9031K, capacity 9453K, committed 9560K, reserved 1048576K
}
Event: 26970.265 GC heap before
{Heap before GC invocations=17 (full 3):
 PSYoungGen      total 637440K, used 612626K [0x00000000d6700000, 0x00000000fff00000, 0x0000000100000000)
  eden space 593920K, 100% used [0x00000000d6700000,0x00000000fab00000,0x00000000fab00000)
  from space 43520K, 42% used [0x00000000fab00000,0x00000000fbd44be8,0x00000000fd580000)
  to   space 41472K, 0% used [0x00000000fd680000,0x00000000fd680000,0x00000000fff00000)
 ParOldGen       total 112640K, used 46847K [0x0000000083400000, 0x000000008a200000, 0x00000000d6700000)
  object space 112640K, 41% used [0x0000000083400000,0x00000000861bff78,0x000000008a200000)
 Metaspace       used 74131K, capacity 76582K, committed 76632K, reserved 1116160K
  class space    used 9080K, capacity 9529K, committed 9560K, reserved 1048576K
Event: 26970.311 GC heap after
Heap after GC invocations=17 (full 3):
 PSYoungGen      total 632320K, used 16926K [0x00000000d6700000, 0x00000000ffa00000, 0x0000000100000000)
  eden space 595968K, 0% used [0x00000000d6700000,0x00000000d6700000,0x00000000fad00000)
  from space 36352K, 46% used [0x00000000fd680000,0x00000000fe707880,0x00000000ffa00000)
  to   space 39424K, 0% used [0x00000000fad00000,0x00000000fad00000,0x00000000fd380000)
 ParOldGen       total 112640K, used 61999K [0x0000000083400000, 0x000000008a200000, 0x00000000d6700000)
  object space 112640K, 55% used [0x0000000083400000,0x000000008708be00,0x000000008a200000)
 Metaspace       used 74131K, capacity 76582K, committed 76632K, reserved 1116160K
  class space    used 9080K, capacity 9529K, committed 9560K, reserved 1048576K
}
Event: 26972.239 GC heap before
{Heap before GC invocations=18 (full 3):
 PSYoungGen      total 632320K, used 612894K [0x00000000d6700000, 0x00000000ffa00000, 0x0000000100000000)
  eden space 595968K, 100% used [0x00000000d6700000,0x00000000fad00000,0x00000000fad00000)
  from space 36352K, 46% used [0x00000000fd680000,0x00000000fe707880,0x00000000ffa00000)
  to   space 39424K, 0% used [0x00000000fad00000,0x00000000fad00000,0x00000000fd380000)
 ParOldGen       total 112640K, used 61999K [0x0000000083400000, 0x000000008a200000, 0x00000000d6700000)
  object space 112640K, 55% used [0x0000000083400000,0x000000008708be00,0x000000008a200000)
 Metaspace       used 74298K, capacity 76792K, committed 76888K, reserved 1116160K
  class space    used 9087K, capacity 9542K, committed 9560K, reserved 1048576K
Event: 26972.289 GC heap after
Heap after GC invocations=18 (full 3):
 PSYoungGen      total 635392K, used 31048K [0x00000000d6700000, 0x0000000100000000, 0x0000000100000000)
  eden space 595968K, 0% used [0x00000000d6700000,0x00000000d6700000,0x00000000fad00000)
  from space 39424K, 78% used [0x00000000fad00000,0x00000000fcb52360,0x00000000fd380000)
  to   space 41984K, 0% used [0x00000000fd700000,0x00000000fd700000,0x0000000100000000)
 ParOldGen       total 112640K, used 62007K [0x0000000083400000, 0x000000008a200000, 0x00000000d6700000)
  object space 112640K, 55% used [0x0000000083400000,0x000000008708de00,0x000000008a200000)
 Metaspace       used 74298K, capacity 76792K, committed 76888K, reserved 1116160K
  class space    used 9087K, capacity 9542K, committed 9560K, reserved 1048576K
}
Event: 27895.621 GC heap before
{Heap before GC invocations=19 (full 3):
 PSYoungGen      total 635392K, used 627016K [0x00000000d6700000, 0x0000000100000000, 0x0000000100000000)
  eden space 595968K, 100% used [0x00000000d6700000,0x00000000fad00000,0x00000000fad00000)
  from space 39424K, 78% used [0x00000000fad00000,0x00000000fcb52360,0x00000000fd380000)
  to   space 41984K, 0% used [0x00000000fd700000,0x00000000fd700000,0x0000000100000000)
 ParOldGen       total 112640K, used 62007K [0x0000000083400000, 0x000000008a200000, 0x00000000d6700000)
  object space 112640K, 55% used [0x0000000083400000,0x000000008708de00,0x000000008a200000)
 Metaspace       used 80284K, capacity 83524K, committed 83672K, reserved 1122304K
  class space    used 9777K, capacity 10446K, committed 10456K, reserved 1048576K
Event: 27895.681 GC heap after
Heap after GC invocations=19 (full 3):
 PSYoungGen      total 614400K, used 41965K [0x00000000d6700000, 0x0000000100000000, 0x0000000100000000)
  eden space 572416K, 0% used [0x00000000d6700000,0x00000000d6700000,0x00000000f9600000)
  from space 41984K, 99% used [0x00000000fd700000,0x00000000ffffb680,0x0000000100000000)
  to   space 54272K, 0% used [0x00000000f9600000,0x00000000f9600000,0x00000000fcb00000)
 ParOldGen       total 112640K, used 79238K [0x0000000083400000, 0x000000008a200000, 0x00000000d6700000)
  object space 112640K, 70% used [0x0000000083400000,0x0000000088161830,0x000000008a200000)
 Metaspace       used 80284K, capacity 83524K, committed 83672K, reserved 1122304K
  class space    used 9777K, capacity 10446K, committed 10456K, reserved 1048576K
}
Event: 28340.550 GC heap before
{Heap before GC invocations=20 (full 3):
 PSYoungGen      total 614400K, used 614381K [0x00000000d6700000, 0x0000000100000000, 0x0000000100000000)
  eden space 572416K, 100% used [0x00000000d6700000,0x00000000f9600000,0x00000000f9600000)
  from space 41984K, 99% used [0x00000000fd700000,0x00000000ffffb680,0x0000000100000000)
  to   space 54272K, 0% used [0x00000000f9600000,0x00000000f9600000,0x00000000fcb00000)
 ParOldGen       total 112640K, used 79238K [0x0000000083400000, 0x000000008a200000, 0x00000000d6700000)
  object space 112640K, 70% used [0x0000000083400000,0x0000000088161830,0x000000008a200000)
 Metaspace       used 81625K, capacity 85016K, committed 85080K, reserved 1124352K
  class space    used 9820K, capacity 10536K, committed 10584K, reserved 1048576K
Event: 28340.695 GC heap after
Heap after GC invocations=20 (full 3):
 PSYoungGen      total 626688K, used 54268K [0x00000000d6700000, 0x0000000100000000, 0x0000000100000000)
  eden space 572416K, 0% used [0x00000000d6700000,0x00000000d6700000,0x00000000f9600000)
  from space 54272K, 99% used [0x00000000f9600000,0x00000000fcaff380,0x00000000fcb00000)
  to   space 54272K, 0% used [0x00000000fcb00000,0x00000000fcb00000,0x0000000100000000)
 ParOldGen       total 168448K, used 168010K [0x0000000083400000, 0x000000008d880000, 0x00000000d6700000)
  object space 168448K, 99% used [0x0000000083400000,0x000000008d812b48,0x000000008d880000)
 Metaspace       used 81625K, capacity 85016K, committed 85080K, reserved 1124352K
  class space    used 9820K, capacity 10536K, committed 10584K, reserved 1048576K
}
Event: 28340.695 GC heap before
{Heap before GC invocations=21 (full 4):
 PSYoungGen      total 626688K, used 54268K [0x00000000d6700000, 0x0000000100000000, 0x0000000100000000)
  eden space 572416K, 0% used [0x00000000d6700000,0x00000000d6700000,0x00000000f9600000)
  from space 54272K, 99% used [0x00000000f9600000,0x00000000fcaff380,0x00000000fcb00000)
  to   space 54272K, 0% used [0x00000000fcb00000,0x00000000fcb00000,0x0000000100000000)
 ParOldGen       total 168448K, used 168010K [0x0000000083400000, 0x000000008d880000, 0x00000000d6700000)
  object space 168448K, 99% used [0x0000000083400000,0x000000008d812b48,0x000000008d880000)
 Metaspace       used 81625K, capacity 85016K, committed 85080K, reserved 1124352K
  class space    used 9820K, capacity 10536K, committed 10584K, reserved 1048576K

Deoptimization events (10 events):
Event: 28281.059 Thread 0x00007f650445c800 Uncommon trap: reason=class_check action=maybe_recompile pc=0x00007f64f75c81a0 method=com.sun.faces.renderkit.html_basic.HtmlBasicRenderer.shouldWriteIdAttribute(Ljavax/faces/component/UIComponent;)Z @ 2
Event: 28281.071 Thread 0x00007f650445c800 Uncommon trap: reason=unstable_if action=reinterpret pc=0x00007f64f6f467a0 method=java.beans.Introspector.decapitalize(Ljava/lang/String;)Ljava/lang/String; @ 18
Event: 28297.282 Thread 0x00007f6504180000 Uncommon trap: reason=class_check action=maybe_recompile pc=0x00007f64f75c81a0 method=com.sun.faces.renderkit.html_basic.HtmlBasicRenderer.shouldWriteIdAttribute(Ljavax/faces/component/UIComponent;)Z @ 2
Event: 28298.380 Thread 0x00007f650417e800 Uncommon trap: reason=class_check action=maybe_recompile pc=0x00007f64f75c81a0 method=com.sun.faces.renderkit.html_basic.HtmlBasicRenderer.shouldWriteIdAttribute(Ljavax/faces/component/UIComponent;)Z @ 2
Event: 28318.390 Thread 0x00007f650417e800 Uncommon trap: reason=unstable_if action=reinterpret pc=0x00007f64f76a0a74 method=org.apache.catalina.connector.CoyoteWriter.write(I)V @ 4
Event: 28318.390 Thread 0x00007f650417e800 Uncommon trap: reason=unstable_if action=reinterpret pc=0x00007f64f769e1e8 method=org.apache.catalina.connector.CoyoteWriter.write(I)V @ 4
Event: 28318.390 Thread 0x00007f650417e800 Uncommon trap: reason=unstable_if action=reinterpret pc=0x00007f64f6d26c34 method=org.apache.catalina.connector.CoyoteWriter.write(Ljava/lang/String;II)V @ 4
Event: 28327.106 Thread 0x00007f650417e800 Uncommon trap: reason=unstable_if action=reinterpret pc=0x00007f64f5581b4c method=java.nio.Buffer.limit(I)Ljava/nio/Buffer; @ 43
Event: 28340.479 Thread 0x00007f6504459000 Uncommon trap: reason=bimorphic action=maybe_recompile pc=0x00007f64f6e03094 method=javax.faces.component.UIComponent.setValueExpression(Ljava/lang/String;Ljavax/el/ValueExpression;)V @ 137
Event: 28340.480 Thread 0x00007f6504459000 Uncommon trap: reason=class_check action=maybe_recompile pc=0x00007f64f77f9b34 method=org.apache.el.lang.EvaluationContext.isLambdaArgument(Ljava/lang/String;)Z @ 5

Classes redefined (0 events):
No events

Internal exceptions (10 events):
Event: 27204.376 Thread 0x00007f6504184000 Exception <a 'java/lang/ClassNotFoundException': vn/viettel/campaign/entities/FunctionParamCustomizer> (0x00000000f20cadb0) thrown at [/build/openjdk-8-nxKaDu/openjdk-8-8u265-b01/src/hotspot/src/share/vm/classfile/systemDictionary.cpp, line 215]
Event: 27564.562 Thread 0x00007f6504184000 Exception <a 'java/lang/ClassNotFoundException': vn/viettel/campaign/dto/FilterTableBeanInfo> (0x00000000f709a6f0) thrown at [/build/openjdk-8-nxKaDu/openjdk-8-8u265-b01/src/hotspot/src/share/vm/classfile/systemDictionary.cpp, line 215]
Event: 27564.562 Thread 0x00007f6504184000 Exception <a 'java/lang/ClassNotFoundException': vn/viettel/campaign/dto/FilterTableCustomizer> (0x00000000f70d5688) thrown at [/build/openjdk-8-nxKaDu/openjdk-8-8u265-b01/src/hotspot/src/share/vm/classfile/systemDictionary.cpp, line 215]
Event: 27576.191 Thread 0x00007f650445b000 Implicit null exception at 0x00007f64f759eefc to 0x00007f64f75a0849
Event: 27898.300 Thread 0x00007f650445c800 Implicit null exception at 0x00007f64f70f3acc to 0x00007f64f70f42c1
Event: 27930.615 Thread 0x00007f650445a000 Implicit null exception at 0x00007f64f54596b5 to 0x00007f64f545978b
Event: 28281.070 Thread 0x00007f650445c800 Exception <a 'java/lang/ClassNotFoundException': vn/viettel/campaign/dto/MembershipFuntionBeanInfo> (0x00000000f319b718) thrown at [/build/openjdk-8-nxKaDu/openjdk-8-8u265-b01/src/hotspot/src/share/vm/classfile/systemDictionary.cpp, line 215]
Event: 28281.071 Thread 0x00007f650445c800 Exception <a 'java/lang/ClassNotFoundException': vn/viettel/campaign/dto/MembershipFuntionCustomizer> (0x00000000f31dc5c0) thrown at [/build/openjdk-8-nxKaDu/openjdk-8-8u265-b01/src/hotspot/src/share/vm/classfile/systemDictionary.cpp, line 215]
Event: 28327.106 Thread 0x00007f650417e800 Exception <a 'java/io/IOException'> (0x00000000f40c1c30) thrown at [/build/openjdk-8-nxKaDu/openjdk-8-8u265-b01/src/hotspot/src/share/vm/prims/jni.cpp, line 711]
Event: 28327.106 Thread 0x00007f650417e800 Exception <a 'java/io/IOException'> (0x00000000f40c2410) thrown at [/build/openjdk-8-nxKaDu/openjdk-8-8u265-b01/src/hotspot/src/share/vm/prims/jni.cpp, line 711]

Events (10 events):
Event: 28340.515 Thread 0x00007f65040bf000 flushing nmethod 0x00007f64f70d0150
Event: 28340.515 Thread 0x00007f65040bf000 flushing nmethod 0x00007f64f70f00d0
Event: 28340.515 Thread 0x00007f65040bf000 flushing nmethod 0x00007f64f7106e90
Event: 28340.515 Thread 0x00007f65040bf000 flushing nmethod 0x00007f64f71071d0
Event: 28340.516 Thread 0x00007f65040bf000 flushing nmethod 0x00007f64f7133650
Event: 28340.516 Thread 0x00007f65040bf000 flushing nmethod 0x00007f64f7144310
Event: 28340.516 Thread 0x00007f65040bf000 flushing nmethod 0x00007f64f7150050
Event: 28340.516 Thread 0x00007f65040bf000 flushing nmethod 0x00007f64f716a390
Event: 28340.516 Thread 0x00007f65040bf000 flushing nmethod 0x00007f64f72e9390
Event: 28340.550 Executing VM operation: ParallelGCFailedAllocation


Dynamic libraries:
83400000-8d880000 rw-p 00000000 00:00 0 
96500000-d6700000 ---p 00000000 00:00 0 
d6700000-100000000 rw-p 00000000 00:00 0 
100000000-100a56000 rw-p 00000000 00:00 0 
100a56000-140000000 ---p 00000000 00:00 0 
55d56019f000-55d5601a0000 r-xp 00000000 fc:01 1810733                    /usr/lib/jvm/java-8-openjdk-amd64/jre/bin/java
55d56039f000-55d5603a0000 r--p 00000000 fc:01 1810733                    /usr/lib/jvm/java-8-openjdk-amd64/jre/bin/java
55d5603a0000-55d5603a1000 rw-p 00001000 fc:01 1810733                    /usr/lib/jvm/java-8-openjdk-amd64/jre/bin/java
55d56224f000-55d562270000 rw-p 00000000 00:00 0                          [heap]
7f646c000000-7f646c0aa000 rw-p 00000000 00:00 0 
7f646c0aa000-7f6470000000 ---p 00000000 00:00 0 
7f6473a00000-7f6473c00000 rw-p 00000000 00:00 0 
7f6473c00000-7f6473e00000 rw-p 00000000 00:00 0 
7f6473e00000-7f6474000000 rw-p 00000000 00:00 0 
7f6474000000-7f64741be000 rw-p 00000000 00:00 0 
7f64741be000-7f6478000000 ---p 00000000 00:00 0 
7f6478000000-7f6478125000 rw-p 00000000 00:00 0 
7f6478125000-7f647c000000 ---p 00000000 00:00 0 
7f647c000000-7f647c32e000 rw-p 00000000 00:00 0 
7f647c32e000-7f6480000000 ---p 00000000 00:00 0 
7f6480000000-7f64800de000 rw-p 00000000 00:00 0 
7f64800de000-7f6484000000 ---p 00000000 00:00 0 
7f6484000000-7f64842ea000 rw-p 00000000 00:00 0 
7f64842ea000-7f6488000000 ---p 00000000 00:00 0 
7f6488000000-7f648820a000 rw-p 00000000 00:00 0 
7f648820a000-7f648c000000 ---p 00000000 00:00 0 
7f648c000000-7f648c200000 rw-p 00000000 00:00 0 
7f648c200000-7f6490000000 ---p 00000000 00:00 0 
7f6490000000-7f64900bd000 rw-p 00000000 00:00 0 
7f64900bd000-7f6494000000 ---p 00000000 00:00 0 
7f6494000000-7f6494021000 rw-p 00000000 00:00 0 
7f6494021000-7f6498000000 ---p 00000000 00:00 0 
7f6498000000-7f6498353000 rw-p 00000000 00:00 0 
7f6498353000-7f649c000000 ---p 00000000 00:00 0 
7f649c000000-7f649c021000 rw-p 00000000 00:00 0 
7f649c021000-7f64a0000000 ---p 00000000 00:00 0 
7f64a0000000-7f64a1461000 rw-p 00000000 00:00 0 
7f64a1461000-7f64a4000000 ---p 00000000 00:00 0 
7f64a40f1000-7f64a42f1000 rw-p 00000000 00:00 0 
7f64a42f1000-7f64a44f1000 rw-p 00000000 00:00 0 
7f64a44f1000-7f64a46f1000 rw-p 00000000 00:00 0 
7f64a46f1000-7f64a48f1000 rw-p 00000000 00:00 0 
7f64a48f1000-7f64a4af1000 rw-p 00000000 00:00 0 
7f64a4af1000-7f64a4af4000 ---p 00000000 00:00 0 
7f64a4af4000-7f64a4bf2000 rw-p 00000000 00:00 0 
7f64a4bf2000-7f64a4bf5000 ---p 00000000 00:00 0 
7f64a4bf5000-7f64a4cf3000 rw-p 00000000 00:00 0 
7f64a4cf3000-7f64a4cf6000 ---p 00000000 00:00 0 
7f64a4cf6000-7f64a4df4000 rw-p 00000000 00:00 0 
7f64a4df4000-7f64a4df7000 ---p 00000000 00:00 0 
7f64a4df7000-7f64a4ef5000 rw-p 00000000 00:00 0 
7f64a4ef5000-7f64a4ef8000 ---p 00000000 00:00 0 
7f64a4ef8000-7f64a4ff6000 rw-p 00000000 00:00 0 
7f64a4ff6000-7f64a4ff9000 ---p 00000000 00:00 0 
7f64a4ff9000-7f64a50f7000 rw-p 00000000 00:00 0 
7f64a50f7000-7f64a50fa000 ---p 00000000 00:00 0 
7f64a50fa000-7f64a51f8000 rw-p 00000000 00:00 0 
7f64a51f8000-7f64a51fb000 ---p 00000000 00:00 0 
7f64a51fb000-7f64a52f9000 rw-p 00000000 00:00 0 
7f64a52f9000-7f64a52fc000 ---p 00000000 00:00 0 
7f64a52fc000-7f64a53fa000 rw-p 00000000 00:00 0 
7f64a53fa000-7f64a53fd000 ---p 00000000 00:00 0 
7f64a53fd000-7f64a54fb000 rw-p 00000000 00:00 0 
7f64a54fb000-7f64a54fe000 ---p 00000000 00:00 0 
7f64a54fe000-7f64a55fc000 rw-p 00000000 00:00 0 
7f64a55fc000-7f64a55ff000 ---p 00000000 00:00 0 
7f64a55ff000-7f64a58fd000 rw-p 00000000 00:00 0 
7f64a58fd000-7f64a5afd000 rw-p 00000000 00:00 0 
7f64a5afd000-7f64a5b00000 ---p 00000000 00:00 0 
7f64a5b00000-7f64a5bfe000 rw-p 00000000 00:00 0 
7f64a5bfe000-7f64a5c01000 ---p 00000000 00:00 0 
7f64a5c01000-7f64a5cff000 rw-p 00000000 00:00 0 
7f64a5cff000-7f64a5d02000 ---p 00000000 00:00 0 
7f64a5d02000-7f64a6000000 rw-p 00000000 00:00 0 
7f64a6000000-7f64a6200000 rw-p 00000000 00:00 0 
7f64a6200000-7f64a6400000 rw-p 00000000 00:00 0 
7f64a6400000-7f64a6600000 rw-p 00000000 00:00 0 
7f64a6600000-7f64a6800000 rw-p 00000000 00:00 0 
7f64a6800000-7f64a6a00000 rw-p 00000000 00:00 0 
7f64a6a00000-7f64a6c00000 rw-p 00000000 00:00 0 
7f64a6c00000-7f64a6e00000 rw-p 00000000 00:00 0 
7f64a6e00000-7f64a7000000 rw-p 00000000 00:00 0 
7f64a7000000-7f64a7200000 rw-p 00000000 00:00 0 
7f64a7200000-7f64a7400000 rw-p 00000000 00:00 0 
7f64a7400000-7f64a7600000 rw-p 00000000 00:00 0 
7f64a7600000-7f64a7800000 rw-p 00000000 00:00 0 
7f64a7800000-7f64a7a00000 rw-p 00000000 00:00 0 
7f64a7a00000-7f64a7c00000 rw-p 00000000 00:00 0 
7f64a7c00000-7f64a7e00000 rw-p 00000000 00:00 0 
7f64a7e00000-7f64a8000000 rw-p 00000000 00:00 0 
7f64a8000000-7f64a8021000 rw-p 00000000 00:00 0 
7f64a8021000-7f64ac000000 ---p 00000000 00:00 0 
7f64ac000000-7f64ac021000 rw-p 00000000 00:00 0 
7f64ac021000-7f64b0000000 ---p 00000000 00:00 0 
7f64b0000000-7f64b0021000 rw-p 00000000 00:00 0 
7f64b0021000-7f64b4000000 ---p 00000000 00:00 0 
7f64b4000000-7f64b4021000 rw-p 00000000 00:00 0 
7f64b4021000-7f64b8000000 ---p 00000000 00:00 0 
7f64b8000000-7f64b8021000 rw-p 00000000 00:00 0 
7f64b8021000-7f64bc000000 ---p 00000000 00:00 0 
7f64bc000000-7f64bc021000 rw-p 00000000 00:00 0 
7f64bc021000-7f64c0000000 ---p 00000000 00:00 0 
7f64c0000000-7f64c30f6000 rw-p 00000000 00:00 0 
7f64c30f6000-7f64c4000000 ---p 00000000 00:00 0 
7f64c4000000-7f64c4f3c000 rw-p 00000000 00:00 0 
7f64c4f3c000-7f64c8000000 ---p 00000000 00:00 0 
7f64c8000000-7f64c8021000 rw-p 00000000 00:00 0 
7f64c8021000-7f64cc000000 ---p 00000000 00:00 0 
7f64cc000000-7f64ce862000 rw-p 00000000 00:00 0 
7f64ce862000-7f64d0000000 ---p 00000000 00:00 0 
7f64d0000000-7f64d0021000 rw-p 00000000 00:00 0 
7f64d0021000-7f64d4000000 ---p 00000000 00:00 0 
7f64d4000000-7f64d4021000 rw-p 00000000 00:00 0 
7f64d4021000-7f64d8000000 ---p 00000000 00:00 0 
7f64d8000000-7f64d803e000 rw-p 00000000 00:00 0 
7f64d803e000-7f64dc000000 ---p 00000000 00:00 0 
7f64dc000000-7f64dc0a3000 rw-p 00000000 00:00 0 
7f64dc0a3000-7f64e0000000 ---p 00000000 00:00 0 
7f64e0000000-7f64e0021000 rw-p 00000000 00:00 0 
7f64e0021000-7f64e4000000 ---p 00000000 00:00 0 
7f64e40d4000-7f64e40d9000 r--s 002f9000 fc:01 1810779                    /usr/lib/jvm/java-8-openjdk-amd64/jre/lib/charsets.jar
7f64e40d9000-7f64e40dc000 ---p 00000000 00:00 0 
7f64e40dc000-7f64e43da000 rw-p 00000000 00:00 0 
7f64e43da000-7f64e45da000 rw-p 00000000 00:00 0 
7f64e45da000-7f64e47da000 rw-p 00000000 00:00 0 
7f64e47da000-7f64e47ed000 r--s 00346000 fc:01 1810812                    /usr/lib/jvm/java-8-openjdk-amd64/jre/lib/resources.jar
7f64e48f0000-7f64e49b0000 rw-p 00000000 00:00 0 
7f64e49b0000-7f64e4af3000 ---p 00000000 00:00 0 
7f64e4af3000-7f64e4bf1000 rw-p 00000000 00:00 0 
7f64e4bf1000-7f64e4bf4000 ---p 00000000 00:00 0 
7f64e4bf4000-7f64e4ef2000 rw-p 00000000 00:00 0 
7f64e4ef2000-7f64e4ef5000 ---p 00000000 00:00 0 
7f64e4ef5000-7f64e4ff3000 rw-p 00000000 00:00 0 
7f64e4ff3000-7f64e501b000 r-xp 00000000 fc:01 1810773                    /usr/lib/jvm/java-8-openjdk-amd64/jre/lib/amd64/libsunec.so
7f64e501b000-7f64e521a000 ---p 00028000 fc:01 1810773                    /usr/lib/jvm/java-8-openjdk-amd64/jre/lib/amd64/libsunec.so
7f64e521a000-7f64e521e000 r--p 00027000 fc:01 1810773                    /usr/lib/jvm/java-8-openjdk-amd64/jre/lib/amd64/libsunec.so
7f64e521e000-7f64e521f000 rw-p 0002b000 fc:01 1810773                    /usr/lib/jvm/java-8-openjdk-amd64/jre/lib/amd64/libsunec.so
7f64e521f000-7f64e5221000 r--s 00016000 fc:01 1810806                    /usr/lib/jvm/java-8-openjdk-amd64/jre/lib/jce.jar
7f64e5221000-7f64e5226000 r--s 000a7000 fc:01 1810808                    /usr/lib/jvm/java-8-openjdk-amd64/jre/lib/jsse.jar
7f64e5226000-7f64e5229000 ---p 00000000 00:00 0 
7f64e5229000-7f64e5527000 rw-p 00000000 00:00 0 
7f64e5527000-7f64e5530000 r-xp 00000000 fc:01 1810766                    /usr/lib/jvm/java-8-openjdk-amd64/jre/lib/amd64/libmanagement.so
7f64e5530000-7f64e572f000 ---p 00009000 fc:01 1810766                    /usr/lib/jvm/java-8-openjdk-amd64/jre/lib/amd64/libmanagement.so
7f64e572f000-7f64e5730000 r--p 00008000 fc:01 1810766                    /usr/lib/jvm/java-8-openjdk-amd64/jre/lib/amd64/libmanagement.so
7f64e5730000-7f64e5731000 rw-p 00009000 fc:01 1810766                    /usr/lib/jvm/java-8-openjdk-amd64/jre/lib/amd64/libmanagement.so
7f64e5731000-7f64e5736000 r--s 00043000 fc:01 1809600                    /home/vCampaign/Tomcat/apache-tomcat-8.5.45/lib/tomcat-dbcp.jar
7f64e5736000-7f64e5738000 r--s 00011000 fc:01 1809588                    /home/vCampaign/Tomcat/apache-tomcat-8.5.45/lib/catalina-storeconfig.jar
7f64e5738000-7f64e573a000 r--s 0000c000 fc:01 1809586                    /home/vCampaign/Tomcat/apache-tomcat-8.5.45/lib/catalina-ant.jar
7f64e573a000-7f64e574d000 r--s 00244000 fc:01 1809591                    /home/vCampaign/Tomcat/apache-tomcat-8.5.45/lib/ecj-4.6.3.jar
7f64e574d000-7f64e5750000 r--s 00022000 fc:01 1809605                    /home/vCampaign/Tomcat/apache-tomcat-8.5.45/lib/tomcat-jdbc.jar
7f64e5750000-7f64e5753000 r--s 0000f000 fc:01 1809602                    /home/vCampaign/Tomcat/apache-tomcat-8.5.45/lib/tomcat-i18n-fr.jar
7f64e5753000-7f64e5755000 r--s 00005000 fc:01 1809595                    /home/vCampaign/Tomcat/apache-tomcat-8.5.45/lib/jaspic-api.jar
7f64e5755000-7f64e575a000 r--s 00033000 fc:01 1809609                    /home/vCampaign/Tomcat/apache-tomcat-8.5.45/lib/tomcat-websocket.jar
7f64e575a000-7f64e575d000 r--s 00013000 fc:01 1809592                    /home/vCampaign/Tomcat/apache-tomcat-8.5.45/lib/el-api.jar
7f64e575d000-7f64e575f000 r--s 00002000 fc:01 1809585                    /home/vCampaign/Tomcat/apache-tomcat-8.5.45/lib/annotations-api.jar
7f64e575f000-7f64e5763000 r--s 00038000 fc:01 1809597                    /home/vCampaign/Tomcat/apache-tomcat-8.5.45/lib/servlet-api.jar
7f64e5763000-7f64e5766000 r--s 0001b000 fc:01 1809587                    /home/vCampaign/Tomcat/apache-tomcat-8.5.45/lib/catalina-ha.jar
7f64e5766000-7f64e576a000 r--s 00024000 fc:01 1809608                    /home/vCampaign/Tomcat/apache-tomcat-8.5.45/lib/tomcat-util.jar
7f64e576a000-7f64e576d000 r--s 00010000 fc:01 1809601                    /home/vCampaign/Tomcat/apache-tomcat-8.5.45/lib/tomcat-i18n-es.jar
7f64e576d000-7f64e576f000 r--s 00007000 fc:01 1809606                    /home/vCampaign/Tomcat/apache-tomcat-8.5.45/lib/tomcat-jni.jar
7f64e576f000-7f64e577a000 r--s 000c1000 fc:01 1809599                    /home/vCampaign/Tomcat/apache-tomcat-8.5.45/lib/tomcat-coyote.jar
7f64e577a000-7f64e5782000 r--s 0008a000 fc:01 1809594                    /home/vCampaign/Tomcat/apache-tomcat-8.5.45/lib/jasper.jar
7f64e5782000-7f64e5786000 r--s 00030000 fc:01 1809607                    /home/vCampaign/Tomcat/apache-tomcat-8.5.45/lib/tomcat-util-scan.jar
7f64e5786000-7f64e578b000 r--s 00043000 fc:01 1809589                    /home/vCampaign/Tomcat/apache-tomcat-8.5.45/lib/catalina-tribes.jar
7f64e578b000-7f64e57a0000 r--s 00183000 fc:01 1809590                    /home/vCampaign/Tomcat/apache-tomcat-8.5.45/lib/catalina.jar
7f64e57a0000-7f64e57a3000 r--s 0000d000 fc:01 1809596                    /home/vCampaign/Tomcat/apache-tomcat-8.5.45/lib/jsp-api.jar
7f64e57a3000-7f64e57a6000 r--s 00010000 fc:01 1809603                    /home/vCampaign/Tomcat/apache-tomcat-8.5.45/lib/tomcat-i18n-ja.jar
7f64e57a6000-7f64e57aa000 r--s 00025000 fc:01 1809593                    /home/vCampaign/Tomcat/apache-tomcat-8.5.45/lib/jasper-el.jar
7f64e57aa000-7f64e57ac000 r--s 00008000 fc:01 1809610                    /home/vCampaign/Tomcat/apache-tomcat-8.5.45/lib/websocket-api.jar
7f64e57ac000-7f64e57af000 ---p 00000000 00:00 0 
7f64e57af000-7f64e58de000 rw-p 00000000 00:00 0 
7f64e58de000-7f64e58f5000 r-xp 00000000 fc:01 1810768                    /usr/lib/jvm/java-8-openjdk-amd64/jre/lib/amd64/libnet.so
7f64e58f5000-7f64e5af5000 ---p 00017000 fc:01 1810768                    /usr/lib/jvm/java-8-openjdk-amd64/jre/lib/amd64/libnet.so
7f64e5af5000-7f64e5af6000 r--p 00017000 fc:01 1810768                    /usr/lib/jvm/java-8-openjdk-amd64/jre/lib/amd64/libnet.so
7f64e5af6000-7f64e5af7000 rw-p 00018000 fc:01 1810768                    /usr/lib/jvm/java-8-openjdk-amd64/jre/lib/amd64/libnet.so
7f64e5af7000-7f64e5b09000 r-xp 00000000 fc:01 1810769                    /usr/lib/jvm/java-8-openjdk-amd64/jre/lib/amd64/libnio.so
7f64e5b09000-7f64e5d08000 ---p 00012000 fc:01 1810769                    /usr/lib/jvm/java-8-openjdk-amd64/jre/lib/amd64/libnio.so
7f64e5d08000-7f64e5d09000 r--p 00011000 fc:01 1810769                    /usr/lib/jvm/java-8-openjdk-amd64/jre/lib/amd64/libnio.so
7f64e5d09000-7f64e5d0a000 rw-p 00012000 fc:01 1810769                    /usr/lib/jvm/java-8-openjdk-amd64/jre/lib/amd64/libnio.so
7f64e5d0a000-7f64e5d0b000 ---p 00000000 00:00 0 
7f64e5d0b000-7f64e5e0b000 rw-p 00000000 00:00 0 
7f64e5e0b000-7f64e5e0e000 ---p 00000000 00:00 0 
7f64e5e0e000-7f64e5f0c000 rw-p 00000000 00:00 0 
7f64e5f0c000-7f64e5f0d000 ---p 00000000 00:00 0 
7f64e5f0d000-7f64e5f10000 ---p 00000000 00:00 0 
7f64e5f10000-7f64e600d000 rw-p 00000000 00:00 0 
7f64e600d000-7f64e600e000 ---p 00000000 00:00 0 
7f64e600e000-7f64e6011000 ---p 00000000 00:00 0 
7f64e6011000-7f64e610e000 rw-p 00000000 00:00 0 
7f64e610e000-7f64e610f000 ---p 00000000 00:00 0 
7f64e610f000-7f64e6112000 ---p 00000000 00:00 0 
7f64e6112000-7f64e620f000 rw-p 00000000 00:00 0 
7f64e620f000-7f64e6212000 ---p 00000000 00:00 0 
7f64e6212000-7f64e6310000 rw-p 00000000 00:00 0 
7f64e6310000-7f64e6483000 r--p 00000000 fc:01 27252                      /usr/lib/locale/C.UTF-8/LC_COLLATE
7f64e6483000-7f64e661e000 r--p 00000000 fc:01 4224                       /usr/lib/locale/locale-archive
7f64e661e000-7f64e6621000 ---p 00000000 00:00 0 
7f64e6621000-7f64e671f000 rw-p 00000000 00:00 0 
7f64e671f000-7f64e6722000 ---p 00000000 00:00 0 
7f64e6722000-7f64e6820000 rw-p 00000000 00:00 0 
7f64e6820000-7f64e6821000 ---p 00000000 00:00 0 
7f64e6821000-7f64e762e000 rw-p 00000000 00:00 0 
7f64e762e000-7f64e7800000 r--s 03ca8000 fc:01 1810813                    /usr/lib/jvm/java-8-openjdk-amd64/jre/lib/rt.jar
7f64e7800000-7f64e8000000 rw-p 00000000 00:00 0 
7f64e8000000-7f64e8021000 rw-p 00000000 00:00 0 
7f64e8021000-7f64ec000000 ---p 00000000 00:00 0 
7f64ec000000-7f64ec001000 r--s 00002000 fc:01 1809598                    /home/vCampaign/Tomcat/apache-tomcat-8.5.45/lib/tomcat-api.jar
7f64ec001000-7f64ec003000 r--s 0000b000 fc:01 1294636                    /home/vCampaign/Tomcat/apache-tomcat-8.5.45/bin/tomcat-juli.jar
7f64ec003000-7f64ec005000 r--s 00005000 fc:01 1294622                    /home/vCampaign/Tomcat/apache-tomcat-8.5.45/bin/commons-daemon.jar
7f64ec005000-7f64ec007000 r--s 00007000 fc:01 1294615                    /home/vCampaign/Tomcat/apache-tomcat-8.5.45/bin/bootstrap.jar
7f64ec007000-7f64ec022000 r--s 001d6000 fc:01 1810792                    /usr/lib/jvm/java-8-openjdk-amd64/jre/lib/ext/nashorn.jar
7f64ec022000-7f64ec028000 r--s 0003d000 fc:01 1810794                    /usr/lib/jvm/java-8-openjdk-amd64/jre/lib/ext/sunjce_provider.jar
7f64ec028000-7f64ec043000 r--s 00394000 fc:01 1810787                    /usr/lib/jvm/java-8-openjdk-amd64/jre/lib/ext/cldrdata.jar
7f64ec043000-7f64ec04d000 r--s 00117000 fc:01 1810791                    /usr/lib/jvm/java-8-openjdk-amd64/jre/lib/ext/localedata.jar
7f64ec04d000-7f64ec07e000 r--p 00000000 fc:01 27253                      /usr/lib/locale/C.UTF-8/LC_CTYPE
7f64ec07e000-7f64f0000000 rw-p 00000000 00:00 0 
7f64f0000000-7f64f0021000 rw-p 00000000 00:00 0 
7f64f0021000-7f64f4000000 ---p 00000000 00:00 0 
7f64f4000000-7f64f4004000 r--s 0003a000 fc:01 1810795                    /usr/lib/jvm/java-8-openjdk-amd64/jre/lib/ext/sunpkcs11.jar
7f64f4004000-7f64f457b000 rw-p 00000000 00:00 0 
7f64f457b000-7f64f457c000 ---p 00000000 00:00 0 
7f64f457c000-7f64f467c000 rw-p 00000000 00:00 0 
7f64f467c000-7f64f467d000 ---p 00000000 00:00 0 
7f64f467d000-7f64f477d000 rw-p 00000000 00:00 0 
7f64f477d000-7f64f477e000 ---p 00000000 00:00 0 
7f64f477e000-7f64f487e000 rw-p 00000000 00:00 0 
7f64f487e000-7f64f487f000 ---p 00000000 00:00 0 
7f64f487f000-7f64f49d2000 rw-p 00000000 00:00 0 
7f64f49d2000-7f64f4c19000 ---p 00000000 00:00 0 
7f64f4c19000-7f64f4c6c000 rw-p 00000000 00:00 0 
7f64f4c6c000-7f64f4eb2000 ---p 00000000 00:00 0 
7f64f4eb2000-7f64f4fff000 rw-p 00000000 00:00 0 
7f64f4fff000-7f64f5000000 rw-p 00000000 00:00 0 
7f64f5000000-7f64f7c30000 rwxp 00000000 00:00 0 
7f64f7c30000-7f6504000000 ---p 00000000 00:00 0 
7f6504000000-7f6504608000 rw-p 00000000 00:00 0 
7f6504608000-7f6508000000 ---p 00000000 00:00 0 
7f6508000000-7f6508001000 r--s 00004000 fc:01 1809604                    /home/vCampaign/Tomcat/apache-tomcat-8.5.45/lib/tomcat-i18n-ru.jar
7f6508001000-7f6508002000 r--s 00010000 fc:01 1810796                    /usr/lib/jvm/java-8-openjdk-amd64/jre/lib/ext/zipfs.jar
7f6508002000-7f6508003000 r--s 0000a000 fc:01 1810790                    /usr/lib/jvm/java-8-openjdk-amd64/jre/lib/ext/jaccess.jar
7f6508003000-7f6508004000 r--s 0000d000 fc:01 1810793                    /usr/lib/jvm/java-8-openjdk-amd64/jre/lib/ext/sunec.jar
7f6508004000-7f6508006000 r--s 00001000 fc:01 1810788                    /usr/lib/jvm/java-8-openjdk-amd64/jre/lib/ext/dnsns.jar
7f6508006000-7f6508009000 r--s 0000f000 fc:01 1810789                    /usr/lib/jvm/java-8-openjdk-amd64/jre/lib/ext/icedtea-sound.jar
7f6508009000-7f650800a000 r--p 00000000 fc:01 27890                      /usr/lib/locale/C.UTF-8/LC_NUMERIC
7f650800a000-7f650800b000 r--p 00000000 fc:01 27904                      /usr/lib/locale/C.UTF-8/LC_TIME
7f650800b000-7f650800c000 r--p 00000000 fc:01 27882                      /usr/lib/locale/C.UTF-8/LC_MONETARY
7f650800c000-7f650800d000 r--p 00000000 fc:01 27858                      /usr/lib/locale/C.UTF-8/LC_MESSAGES/SYS_LC_MESSAGES
7f650800d000-7f650800e000 r--p 00000000 fc:01 27900                      /usr/lib/locale/C.UTF-8/LC_PAPER
7f650800e000-7f6508015000 r--s 00000000 fc:01 26179                      /usr/lib/x86_64-linux-gnu/gconv/gconv-modules.cache
7f6508015000-7f650813c000 rw-p 00000000 00:00 0 
7f650813c000-7f650844b000 ---p 00000000 00:00 0 
7f650844b000-7f6508453000 r-xp 00000000 fc:01 1810776                    /usr/lib/jvm/java-8-openjdk-amd64/jre/lib/amd64/libzip.so
7f6508453000-7f6508652000 ---p 00008000 fc:01 1810776                    /usr/lib/jvm/java-8-openjdk-amd64/jre/lib/amd64/libzip.so
7f6508652000-7f6508653000 r--p 00007000 fc:01 1810776                    /usr/lib/jvm/java-8-openjdk-amd64/jre/lib/amd64/libzip.so
7f6508653000-7f6508654000 rw-p 00008000 fc:01 1810776                    /usr/lib/jvm/java-8-openjdk-amd64/jre/lib/amd64/libzip.so
7f6508654000-7f650865f000 r-xp 00000000 fc:01 22331                      /lib/x86_64-linux-gnu/libnss_files-2.27.so
7f650865f000-7f650885e000 ---p 0000b000 fc:01 22331                      /lib/x86_64-linux-gnu/libnss_files-2.27.so
7f650885e000-7f650885f000 r--p 0000a000 fc:01 22331                      /lib/x86_64-linux-gnu/libnss_files-2.27.so
7f650885f000-7f6508860000 rw-p 0000b000 fc:01 22331                      /lib/x86_64-linux-gnu/libnss_files-2.27.so
7f6508860000-7f6508866000 rw-p 00000000 00:00 0 
7f6508866000-7f650887d000 r-xp 00000000 fc:01 22328                      /lib/x86_64-linux-gnu/libnsl-2.27.so
7f650887d000-7f6508a7c000 ---p 00017000 fc:01 22328                      /lib/x86_64-linux-gnu/libnsl-2.27.so
7f6508a7c000-7f6508a7d000 r--p 00016000 fc:01 22328                      /lib/x86_64-linux-gnu/libnsl-2.27.so
7f6508a7d000-7f6508a7e000 rw-p 00017000 fc:01 22328                      /lib/x86_64-linux-gnu/libnsl-2.27.so
7f6508a7e000-7f6508a80000 rw-p 00000000 00:00 0 
7f6508a80000-7f6508a8b000 r-xp 00000000 fc:01 22333                      /lib/x86_64-linux-gnu/libnss_nis-2.27.so
7f6508a8b000-7f6508c8a000 ---p 0000b000 fc:01 22333                      /lib/x86_64-linux-gnu/libnss_nis-2.27.so
7f6508c8a000-7f6508c8b000 r--p 0000a000 fc:01 22333                      /lib/x86_64-linux-gnu/libnss_nis-2.27.so
7f6508c8b000-7f6508c8c000 rw-p 0000b000 fc:01 22333                      /lib/x86_64-linux-gnu/libnss_nis-2.27.so
7f6508c8c000-7f6508c94000 r-xp 00000000 fc:01 22329                      /lib/x86_64-linux-gnu/libnss_compat-2.27.so
7f6508c94000-7f6508e94000 ---p 00008000 fc:01 22329                      /lib/x86_64-linux-gnu/libnss_compat-2.27.so
7f6508e94000-7f6508e95000 r--p 00008000 fc:01 22329                      /lib/x86_64-linux-gnu/libnss_compat-2.27.so
7f6508e95000-7f6508e96000 rw-p 00009000 fc:01 22329                      /lib/x86_64-linux-gnu/libnss_compat-2.27.so
7f6508e96000-7f6508ec0000 r-xp 00000000 fc:01 1810757                    /usr/lib/jvm/java-8-openjdk-amd64/jre/lib/amd64/libjava.so
7f6508ec0000-7f65090bf000 ---p 0002a000 fc:01 1810757                    /usr/lib/jvm/java-8-openjdk-amd64/jre/lib/amd64/libjava.so
7f65090bf000-7f65090c0000 r--p 00029000 fc:01 1810757                    /usr/lib/jvm/java-8-openjdk-amd64/jre/lib/amd64/libjava.so
7f65090c0000-7f65090c2000 rw-p 0002a000 fc:01 1810757                    /usr/lib/jvm/java-8-openjdk-amd64/jre/lib/amd64/libjava.so
7f65090c2000-7f65090d2000 r-xp 00000000 fc:01 1810775                    /usr/lib/jvm/java-8-openjdk-amd64/jre/lib/amd64/libverify.so
7f65090d2000-7f65092d1000 ---p 00010000 fc:01 1810775                    /usr/lib/jvm/java-8-openjdk-amd64/jre/lib/amd64/libverify.so
7f65092d1000-7f65092d3000 r--p 0000f000 fc:01 1810775                    /usr/lib/jvm/java-8-openjdk-amd64/jre/lib/amd64/libverify.so
7f65092d3000-7f65092d4000 rw-p 00011000 fc:01 1810775                    /usr/lib/jvm/java-8-openjdk-amd64/jre/lib/amd64/libverify.so
7f65092d4000-7f65092db000 r-xp 00000000 fc:01 25215                      /lib/x86_64-linux-gnu/librt-2.27.so
7f65092db000-7f65094da000 ---p 00007000 fc:01 25215                      /lib/x86_64-linux-gnu/librt-2.27.so
7f65094da000-7f65094db000 r--p 00006000 fc:01 25215                      /lib/x86_64-linux-gnu/librt-2.27.so
7f65094db000-7f65094dc000 rw-p 00007000 fc:01 25215                      /lib/x86_64-linux-gnu/librt-2.27.so
7f65094dc000-7f65094f3000 r-xp 00000000 fc:01 29116                      /lib/x86_64-linux-gnu/libgcc_s.so.1
7f65094f3000-7f65096f2000 ---p 00017000 fc:01 29116                      /lib/x86_64-linux-gnu/libgcc_s.so.1
7f65096f2000-7f65096f3000 r--p 00016000 fc:01 29116                      /lib/x86_64-linux-gnu/libgcc_s.so.1
7f65096f3000-7f65096f4000 rw-p 00017000 fc:01 29116                      /lib/x86_64-linux-gnu/libgcc_s.so.1
7f65096f4000-7f6509891000 r-xp 00000000 fc:01 19921                      /lib/x86_64-linux-gnu/libm-2.27.so
7f6509891000-7f6509a90000 ---p 0019d000 fc:01 19921                      /lib/x86_64-linux-gnu/libm-2.27.so
7f6509a90000-7f6509a91000 r--p 0019c000 fc:01 19921                      /lib/x86_64-linux-gnu/libm-2.27.so
7f6509a91000-7f6509a92000 rw-p 0019d000 fc:01 19921                      /lib/x86_64-linux-gnu/libm-2.27.so
7f6509a92000-7f6509c0b000 r-xp 00000000 fc:01 4671                       /usr/lib/x86_64-linux-gnu/libstdc++.so.6.0.25
7f6509c0b000-7f6509e0b000 ---p 00179000 fc:01 4671                       /usr/lib/x86_64-linux-gnu/libstdc++.so.6.0.25
7f6509e0b000-7f6509e15000 r--p 00179000 fc:01 4671                       /usr/lib/x86_64-linux-gnu/libstdc++.so.6.0.25
7f6509e15000-7f6509e17000 rw-p 00183000 fc:01 4671                       /usr/lib/x86_64-linux-gnu/libstdc++.so.6.0.25
7f6509e17000-7f6509e1b000 rw-p 00000000 00:00 0 
7f6509e1b000-7f650aac3000 r-xp 00000000 fc:01 1810778                    /usr/lib/jvm/java-8-openjdk-amd64/jre/lib/amd64/server/libjvm.so
7f650aac3000-7f650acc3000 ---p 00ca8000 fc:01 1810778                    /usr/lib/jvm/java-8-openjdk-amd64/jre/lib/amd64/server/libjvm.so
7f650acc3000-7f650ad57000 r--p 00ca8000 fc:01 1810778                    /usr/lib/jvm/java-8-openjdk-amd64/jre/lib/amd64/server/libjvm.so
7f650ad57000-7f650ad80000 rw-p 00d3c000 fc:01 1810778                    /usr/lib/jvm/java-8-openjdk-amd64/jre/lib/amd64/server/libjvm.so
7f650ad80000-7f650adb0000 rw-p 00000000 00:00 0 
7f650adb0000-7f650adca000 r-xp 00000000 fc:01 22347                      /lib/x86_64-linux-gnu/libpthread-2.27.so
7f650adca000-7f650afc9000 ---p 0001a000 fc:01 22347                      /lib/x86_64-linux-gnu/libpthread-2.27.so
7f650afc9000-7f650afca000 r--p 00019000 fc:01 22347                      /lib/x86_64-linux-gnu/libpthread-2.27.so
7f650afca000-7f650afcb000 rw-p 0001a000 fc:01 22347                      /lib/x86_64-linux-gnu/libpthread-2.27.so
7f650afcb000-7f650afcf000 rw-p 00000000 00:00 0 
7f650afcf000-7f650afd2000 r-xp 00000000 fc:01 19920                      /lib/x86_64-linux-gnu/libdl-2.27.so
7f650afd2000-7f650b1d1000 ---p 00003000 fc:01 19920                      /lib/x86_64-linux-gnu/libdl-2.27.so
7f650b1d1000-7f650b1d2000 r--p 00002000 fc:01 19920                      /lib/x86_64-linux-gnu/libdl-2.27.so
7f650b1d2000-7f650b1d3000 rw-p 00003000 fc:01 19920                      /lib/x86_64-linux-gnu/libdl-2.27.so
7f650b1d3000-7f650b1ef000 r-xp 00000000 fc:01 2183                       /lib/x86_64-linux-gnu/libz.so.1.2.11
7f650b1ef000-7f650b3ee000 ---p 0001c000 fc:01 2183                       /lib/x86_64-linux-gnu/libz.so.1.2.11
7f650b3ee000-7f650b3ef000 r--p 0001b000 fc:01 2183                       /lib/x86_64-linux-gnu/libz.so.1.2.11
7f650b3ef000-7f650b3f0000 rw-p 0001c000 fc:01 2183                       /lib/x86_64-linux-gnu/libz.so.1.2.11
7f650b3f0000-7f650b5d7000 r-xp 00000000 fc:01 19917                      /lib/x86_64-linux-gnu/libc-2.27.so
7f650b5d7000-7f650b7d7000 ---p 001e7000 fc:01 19917                      /lib/x86_64-linux-gnu/libc-2.27.so
7f650b7d7000-7f650b7db000 r--p 001e7000 fc:01 19917                      /lib/x86_64-linux-gnu/libc-2.27.so
7f650b7db000-7f650b7dd000 rw-p 001eb000 fc:01 19917                      /lib/x86_64-linux-gnu/libc-2.27.so
7f650b7dd000-7f650b7e1000 rw-p 00000000 00:00 0 
7f650b7e1000-7f650b7ef000 r-xp 00000000 fc:01 1810743                    /usr/lib/jvm/java-8-openjdk-amd64/jre/lib/amd64/jli/libjli.so
7f650b7ef000-7f650b9ee000 ---p 0000e000 fc:01 1810743                    /usr/lib/jvm/java-8-openjdk-amd64/jre/lib/amd64/jli/libjli.so
7f650b9ee000-7f650b9ef000 r--p 0000d000 fc:01 1810743                    /usr/lib/jvm/java-8-openjdk-amd64/jre/lib/amd64/jli/libjli.so
7f650b9ef000-7f650b9f0000 rw-p 0000e000 fc:01 1810743                    /usr/lib/jvm/java-8-openjdk-amd64/jre/lib/amd64/jli/libjli.so
7f650b9f0000-7f650ba17000 r-xp 00000000 fc:01 19281                      /lib/x86_64-linux-gnu/ld-2.27.so
7f650ba17000-7f650bb03000 rw-p 00000000 00:00 0 
7f650bb03000-7f650bb0b000 rw-s 00000000 fc:01 1808569                    /tmp/hsperfdata_root/5593
7f650bb0b000-7f650bb0c000 ---p 00000000 00:00 0 
7f650bb0c000-7f650bb0f000 ---p 00000000 00:00 0 
7f650bb0f000-7f650bc0e000 rw-p 00000000 00:00 0 
7f650bc0e000-7f650bc0f000 r--p 00000000 fc:01 27888                      /usr/lib/locale/C.UTF-8/LC_NAME
7f650bc0f000-7f650bc10000 r--p 00000000 fc:01 27251                      /usr/lib/locale/C.UTF-8/LC_ADDRESS
7f650bc10000-7f650bc11000 r--p 00000000 fc:01 27902                      /usr/lib/locale/C.UTF-8/LC_TELEPHONE
7f650bc11000-7f650bc12000 r--p 00000000 fc:01 27856                      /usr/lib/locale/C.UTF-8/LC_MEASUREMENT
7f650bc12000-7f650bc13000 r--p 00000000 fc:01 27852                      /usr/lib/locale/C.UTF-8/LC_IDENTIFICATION
7f650bc13000-7f650bc14000 rw-p 00000000 00:00 0 
7f650bc14000-7f650bc15000 ---p 00000000 00:00 0 
7f650bc15000-7f650bc17000 rw-p 00000000 00:00 0 
7f650bc17000-7f650bc18000 r--p 00027000 fc:01 19281                      /lib/x86_64-linux-gnu/ld-2.27.so
7f650bc18000-7f650bc19000 rw-p 00028000 fc:01 19281                      /lib/x86_64-linux-gnu/ld-2.27.so
7f650bc19000-7f650bc1a000 rw-p 00000000 00:00 0 
7ffd8d99b000-7ffd8d9bc000 rw-p 00000000 00:00 0                          [stack]
7ffd8d9c9000-7ffd8d9cc000 r--p 00000000 00:00 0                          [vvar]
7ffd8d9cc000-7ffd8d9ce000 r-xp 00000000 00:00 0                          [vdso]
ffffffffff600000-ffffffffff601000 r-xp 00000000 00:00 0                  [vsyscall]

VM Arguments:
jvm_args: -Djava.util.logging.config.file=/home/vCampaign/Tomcat/apache-tomcat-8.5.45/conf/logging.properties -Djava.util.logging.manager=org.apache.juli.ClassLoaderLogManager -Djdk.tls.ephemeralDHKeySize=2048 -Djava.protocol.handler.pkgs=org.apache.catalina.webresources -Dorg.apache.catalina.security.SecurityListener.UMASK=0027 -Dignore.endorsed.dirs= -Dcatalina.base=/home/vCampaign/Tomcat/apache-tomcat-8.5.45 -Dcatalina.home=/home/vCampaign/Tomcat/apache-tomcat-8.5.45 -Djava.io.tmpdir=/home/vCampaign/Tomcat/apache-tomcat-8.5.45/temp 
java_command: org.apache.catalina.startup.Bootstrap start
java_class_path (initial): /home/vCampaign/Tomcat/apache-tomcat-8.5.45/bin/bootstrap.jar:/home/vCampaign/Tomcat/apache-tomcat-8.5.45/bin/tomcat-juli.jar
Launcher Type: SUN_STANDARD

Environment Variables:
PATH=/root/.nvm/versions/node/v14.4.0/bin:/usr/local/sbin:/usr/local/bin:/usr/sbin:/usr/bin:/sbin:/bin:/usr/games:/usr/local/games:/snap/bin
SHELL=/bin/bash

Signal Handlers:
SIGSEGV: [libjvm.so+0xabb430], sa_mask[0]=11111111011111111101111111111110, sa_flags=SA_RESTART|SA_SIGINFO
SIGBUS: [libjvm.so+0xabb430], sa_mask[0]=11111111011111111101111111111110, sa_flags=SA_RESTART|SA_SIGINFO
SIGFPE: [libjvm.so+0x8eb5b0], sa_mask[0]=11111111011111111101111111111110, sa_flags=SA_RESTART|SA_SIGINFO
SIGPIPE: [libjvm.so+0x8eb5b0], sa_mask[0]=11111111011111111101111111111110, sa_flags=SA_RESTART|SA_SIGINFO
SIGXFSZ: [libjvm.so+0x8eb5b0], sa_mask[0]=11111111011111111101111111111110, sa_flags=SA_RESTART|SA_SIGINFO
SIGILL: [libjvm.so+0x8eb5b0], sa_mask[0]=11111111011111111101111111111110, sa_flags=SA_RESTART|SA_SIGINFO
SIGUSR1: SIG_DFL, sa_mask[0]=00000000000000000000000000000000, sa_flags=none
SIGUSR2: [libjvm.so+0x8eb460], sa_mask[0]=00000000000000000000000000000000, sa_flags=SA_RESTART|SA_SIGINFO
SIGHUP: [libjvm.so+0x8ebad0], sa_mask[0]=11111111011111111101111111111110, sa_flags=SA_RESTART|SA_SIGINFO
SIGINT: SIG_IGN, sa_mask[0]=00000000000000000000000000000000, sa_flags=none
SIGTERM: [libjvm.so+0x8ebad0], sa_mask[0]=11111111011111111101111111111110, sa_flags=SA_RESTART|SA_SIGINFO
SIGQUIT: [libjvm.so+0x8ebad0], sa_mask[0]=11111111011111111101111111111110, sa_flags=SA_RESTART|SA_SIGINFO


---------------  S Y S T E M  ---------------

OS:DISTRIB_ID=Ubuntu
DISTRIB_RELEASE=18.04
DISTRIB_CODENAME=bionic
DISTRIB_DESCRIPTION="Ubuntu 18.04.4 LTS"

uname:Linux 4.15.0-66-generic #75-Ubuntu SMP Tue Oct 1 05:24:09 UTC 2019 x86_64
libc:glibc 2.27 NPTL 2.27 
rlimit: STACK 8192k, CORE 0k, NPROC 31806, NOFILE 1048576, AS infinity
load average:0.12 0.06 0.01

/proc/meminfo:
MemTotal:        8168012 kB
MemFree:          130252 kB
MemAvailable:      48016 kB
Buffers:            3876 kB
Cached:          1574468 kB
SwapCached:            0 kB
Active:          7611636 kB
Inactive:         142816 kB
Active(anon):    7589696 kB
Inactive(anon):   119088 kB
Active(file):      21940 kB
Inactive(file):    23728 kB
Unevictable:           0 kB
Mlocked:               0 kB
SwapTotal:             0 kB
SwapFree:              0 kB
Dirty:               140 kB
Writeback:             0 kB
AnonPages:       6176692 kB
Mapped:          1429088 kB
Shmem:           1531988 kB
Slab:             132372 kB
SReclaimable:      59576 kB
SUnreclaim:        72796 kB
KernelStack:        8080 kB
PageTables:        68752 kB
NFS_Unstable:          0 kB
Bounce:                0 kB
WritebackTmp:          0 kB
CommitLimit:     4084004 kB
Committed_AS:    8471756 kB
VmallocTotal:   34359738367 kB
VmallocUsed:           0 kB
VmallocChunk:          0 kB
HardwareCorrupted:     0 kB
AnonHugePages:         0 kB
ShmemHugePages:        0 kB
ShmemPmdMapped:        0 kB
CmaTotal:              0 kB
CmaFree:               0 kB
HugePages_Total:       0
HugePages_Free:        0
HugePages_Rsvd:        0
HugePages_Surp:        0
Hugepagesize:       2048 kB
DirectMap4k:     5468140 kB
DirectMap2M:     2920448 kB
DirectMap1G:           0 kB

container (cgroup) information:
container_type: cgroupv1
cpu_cpuset_cpus: 0-3
cpu_memory_nodes: 0
active_processor_count: 4
cpu_quota: -1
cpu_period: 100000
cpu_shares: -1
memory_limit_in_bytes: -1
memory_and_swap_limit_in_bytes: -2
memory_soft_limit_in_bytes: -1
memory_usage_in_bytes: 5786873856
memory_max_usage_in_bytes: 6588489728


CPU:total 4 (initial active 4) (1 cores per cpu, 1 threads per core) family 6 model 62 stepping 4, cmov, cx8, fxsr, mmx, sse, sse2, sse3, ssse3, sse4.1, sse4.2, popcnt, avx, aes, clmul, erms, tsc

/proc/cpuinfo:
processor	: 0
vendor_id	: GenuineIntel
cpu family	: 6
model		: 62
model name	: Intel(R) Xeon(R) CPU E5-2630L v2 @ 2.40GHz
stepping	: 4
microcode	: 0x1
cpu MHz		: 2399.998
cache size	: 15360 KB
physical id	: 0
siblings	: 1
core id		: 0
cpu cores	: 1
apicid		: 0
initial apicid	: 0
fpu		: yes
fpu_exception	: yes
cpuid level	: 13
wp		: yes
flags		: fpu vme de pse tsc msr pae mce cx8 apic sep mtrr pge mca cmov pat pse36 clflush mmx fxsr sse sse2 ss syscall nx pdpe1gb rdtscp lm constant_tsc arch_perfmon rep_good nopl cpuid tsc_known_freq pni pclmulqdq vmx ssse3 cx16 pcid sse4_1 sse4_2 x2apic popcnt tsc_deadline_timer aes xsave avx f16c rdrand hypervisor lahf_lm pti ssbd ibrs ibpb stibp tpr_shadow vnmi flexpriority ept vpid fsgsbase tsc_adjust smep erms xsaveopt md_clear
bugs		: cpu_meltdown spectre_v1 spectre_v2 spec_store_bypass l1tf mds swapgs
bogomips	: 4799.99
clflush size	: 64
cache_alignment	: 64
address sizes	: 40 bits physical, 48 bits virtual
power management:

processor	: 1
vendor_id	: GenuineIntel
cpu family	: 6
model		: 62
model name	: Intel(R) Xeon(R) CPU E5-2630L v2 @ 2.40GHz
stepping	: 4
microcode	: 0x1
cpu MHz		: 2399.998
cache size	: 15360 KB
physical id	: 1
siblings	: 1
core id		: 0
cpu cores	: 1
apicid		: 1
initial apicid	: 1
fpu		: yes
fpu_exception	: yes
cpuid level	: 13
wp		: yes
flags		: fpu vme de pse tsc msr pae mce cx8 apic sep mtrr pge mca cmov pat pse36 clflush mmx fxsr sse sse2 ss syscall nx pdpe1gb rdtscp lm constant_tsc arch_perfmon rep_good nopl cpuid tsc_known_freq pni pclmulqdq vmx ssse3 cx16 pcid sse4_1 sse4_2 x2apic popcnt tsc_deadline_timer aes xsave avx f16c rdrand hypervisor lahf_lm pti ssbd ibrs ibpb stibp tpr_shadow vnmi flexpriority ept vpid fsgsbase tsc_adjust smep erms xsaveopt md_clear
bugs		: cpu_meltdown spectre_v1 spectre_v2 spec_store_bypass l1tf mds swapgs
bogomips	: 4799.99
clflush size	: 64
cache_alignment	: 64
address sizes	: 40 bits physical, 48 bits virtual
power management:

processor	: 2
vendor_id	: GenuineIntel
cpu family	: 6
model		: 62
model name	: Intel(R) Xeon(R) CPU E5-2630L v2 @ 2.40GHz
stepping	: 4
microcode	: 0x1
cpu MHz		: 2399.998
cache size	: 15360 KB
physical id	: 2
siblings	: 1
core id		: 0
cpu cores	: 1
apicid		: 2
initial apicid	: 2
fpu		: yes
fpu_exception	: yes
cpuid level	: 13
wp		: yes
flags		: fpu vme de pse tsc msr pae mce cx8 apic sep mtrr pge mca cmov pat pse36 clflush mmx fxsr sse sse2 ss syscall nx pdpe1gb rdtscp lm constant_tsc arch_perfmon rep_good nopl cpuid tsc_known_freq pni pclmulqdq vmx ssse3 cx16 pcid sse4_1 sse4_2 x2apic popcnt tsc_deadline_timer aes xsave avx f16c rdrand hypervisor lahf_lm pti ssbd ibrs ibpb stibp tpr_shadow vnmi flexpriority ept vpid fsgsbase tsc_adjust smep erms xsaveopt md_clear
bugs		: cpu_meltdown spectre_v1 spectre_v2 spec_store_bypass l1tf mds swapgs
bogomips	: 4799.99
clflush size	: 64
cache_alignment	: 64
address sizes	: 40 bits physical, 48 bits virtual
power management:

processor	: 3
vendor_id	: GenuineIntel
cpu family	: 6
model		: 62
model name	: Intel(R) Xeon(R) CPU E5-2630L v2 @ 2.40GHz
stepping	: 4
microcode	: 0x1
cpu MHz		: 2399.998
cache size	: 15360 KB
physical id	: 3
siblings	: 1
core id		: 0
cpu cores	: 1
apicid		: 3
initial apicid	: 3
fpu		: yes
fpu_exception	: yes
cpuid level	: 13
wp		: yes
flags		: fpu vme de pse tsc msr pae mce cx8 apic sep mtrr pge mca cmov pat pse36 clflush mmx fxsr sse sse2 ss syscall nx pdpe1gb rdtscp lm constant_tsc arch_perfmon rep_good nopl cpuid tsc_known_freq pni pclmulqdq vmx ssse3 cx16 pcid sse4_1 sse4_2 x2apic popcnt tsc_deadline_timer aes xsave avx f16c rdrand hypervisor lahf_lm pti ssbd ibrs ibpb stibp tpr_shadow vnmi flexpriority ept vpid fsgsbase tsc_adjust smep erms xsaveopt md_clear
bugs		: cpu_meltdown spectre_v1 spectre_v2 spec_store_bypass l1tf mds swapgs
bogomips	: 4799.99
clflush size	: 64
cache_alignment	: 64
address sizes	: 40 bits physical, 48 bits virtual
power management:



Memory: 4k page, physical 8168012k(130004k free), swap 0k(0k free)

vm_info: OpenJDK 64-Bit Server VM (25.265-b01) for linux-amd64 JRE (1.8.0_265-8u265-b01-0ubuntu2~18.04-b01), built on Aug  3 2020 01:16:56 by "buildd" with gcc 7.5.0

time: Wed Oct 14 15:32:08 2020
timezone: UTC
elapsed time: 28341 seconds (0d 7h 52m 21s)

