04-Mar-2022 10:19:37.791 INFO [main] org.apache.catalina.startup.VersionLoggerListener.log Server version:        Apache Tomcat/8.5.45
04-Mar-2022 10:19:37.803 INFO [main] org.apache.catalina.startup.VersionLoggerListener.log Server built:          Aug 14 2019 22:21:25 UTC
04-Mar-2022 10:19:37.803 INFO [main] org.apache.catalina.startup.VersionLoggerListener.log Server number:         8.5.45.0
04-Mar-2022 10:19:37.804 INFO [main] org.apache.catalina.startup.VersionLoggerListener.log OS Name:               Linux
04-Mar-2022 10:19:37.805 INFO [main] org.apache.catalina.startup.VersionLoggerListener.log OS Version:            4.15.0-162-generic
04-Mar-2022 10:19:37.805 INFO [main] org.apache.catalina.startup.VersionLoggerListener.log Architecture:          amd64
04-Mar-2022 10:19:37.807 INFO [main] org.apache.catalina.startup.VersionLoggerListener.log Java Home:             /usr/lib/jvm/java-11-openjdk-amd64
04-Mar-2022 10:19:37.807 INFO [main] org.apache.catalina.startup.VersionLoggerListener.log JVM Version:           11.0.11+9-Ubuntu-0ubuntu2.18.04
04-Mar-2022 10:19:37.807 INFO [main] org.apache.catalina.startup.VersionLoggerListener.log JVM Vendor:            Ubuntu
04-Mar-2022 10:19:37.807 INFO [main] org.apache.catalina.startup.VersionLoggerListener.log CATALINA_BASE:         /home/HRM/tomcat_web
04-Mar-2022 10:19:37.808 INFO [main] org.apache.catalina.startup.VersionLoggerListener.log CATALINA_HOME:         /home/HRM/tomcat_web
04-Mar-2022 10:19:37.808 INFO [main] org.apache.catalina.startup.VersionLoggerListener.log Command line argument: --add-opens=java.base/java.lang=ALL-UNNAMED
04-Mar-2022 10:19:37.808 INFO [main] org.apache.catalina.startup.VersionLoggerListener.log Command line argument: --add-opens=java.base/java.io=ALL-UNNAMED
04-Mar-2022 10:19:37.809 INFO [main] org.apache.catalina.startup.VersionLoggerListener.log Command line argument: --add-opens=java.rmi/sun.rmi.transport=ALL-UNNAMED
04-Mar-2022 10:19:37.809 INFO [main] org.apache.catalina.startup.VersionLoggerListener.log Command line argument: -Djava.util.logging.config.file=/home/HRM/tomcat_web/conf/logging.properties
04-Mar-2022 10:19:37.809 INFO [main] org.apache.catalina.startup.VersionLoggerListener.log Command line argument: -Djava.util.logging.manager=org.apache.juli.ClassLoaderLogManager
04-Mar-2022 10:19:37.809 INFO [main] org.apache.catalina.startup.VersionLoggerListener.log Command line argument: -Djdk.tls.ephemeralDHKeySize=2048
04-Mar-2022 10:19:37.809 INFO [main] org.apache.catalina.startup.VersionLoggerListener.log Command line argument: -Djava.protocol.handler.pkgs=org.apache.catalina.webresources
04-Mar-2022 10:19:37.810 INFO [main] org.apache.catalina.startup.VersionLoggerListener.log Command line argument: -Dorg.apache.catalina.security.SecurityListener.UMASK=0027
04-Mar-2022 10:19:37.810 INFO [main] org.apache.catalina.startup.VersionLoggerListener.log Command line argument: -Dignore.endorsed.dirs=
04-Mar-2022 10:19:37.810 INFO [main] org.apache.catalina.startup.VersionLoggerListener.log Command line argument: -Dcatalina.base=/home/HRM/tomcat_web
04-Mar-2022 10:19:37.810 INFO [main] org.apache.catalina.startup.VersionLoggerListener.log Command line argument: -Dcatalina.home=/home/HRM/tomcat_web
04-Mar-2022 10:19:37.811 INFO [main] org.apache.catalina.startup.VersionLoggerListener.log Command line argument: -Djava.io.tmpdir=/home/HRM/tomcat_web/temp
04-Mar-2022 10:19:37.811 INFO [main] org.apache.catalina.core.AprLifecycleListener.lifecycleEvent The APR based Apache Tomcat Native library which allows optimal performance in production environments was not found on the java.library.path: [/usr/java/packages/lib:/usr/lib/x86_64-linux-gnu/jni:/lib/x86_64-linux-gnu:/usr/lib/x86_64-linux-gnu:/usr/lib/jni:/lib:/usr/lib]
04-Mar-2022 10:19:37.977 INFO [main] org.apache.coyote.AbstractProtocol.init Initializing ProtocolHandler ["http-nio-8097"]
04-Mar-2022 10:19:37.993 INFO [main] org.apache.tomcat.util.net.NioSelectorPool.getSharedSelector Using a shared selector for servlet write/read
04-Mar-2022 10:19:38.013 INFO [main] org.apache.coyote.AbstractProtocol.init Initializing ProtocolHandler ["ajp-nio-8039"]
04-Mar-2022 10:19:38.015 SEVERE [main] org.apache.catalina.core.StandardService.initInternal Failed to initialize connector [Connector[AJP/1.3-8039]]
	org.apache.catalina.LifecycleException: Failed to initialize component [Connector[AJP/1.3-8039]]
		at org.apache.catalina.util.LifecycleBase.init(LifecycleBase.java:112)
		at org.apache.catalina.core.StandardService.initInternal(StandardService.java:552)
		at org.apache.catalina.util.LifecycleBase.init(LifecycleBase.java:107)
		at org.apache.catalina.core.StandardServer.initInternal(StandardServer.java:852)
		at org.apache.catalina.util.LifecycleBase.init(LifecycleBase.java:107)
		at org.apache.catalina.startup.Catalina.load(Catalina.java:639)
		at org.apache.catalina.startup.Catalina.load(Catalina.java:662)
		at java.base/jdk.internal.reflect.NativeMethodAccessorImpl.invoke0(Native Method)
		at java.base/jdk.internal.reflect.NativeMethodAccessorImpl.invoke(NativeMethodAccessorImpl.java:62)
		at java.base/jdk.internal.reflect.DelegatingMethodAccessorImpl.invoke(DelegatingMethodAccessorImpl.java:43)
		at java.base/java.lang.reflect.Method.invoke(Method.java:566)
		at org.apache.catalina.startup.Bootstrap.load(Bootstrap.java:309)
		at org.apache.catalina.startup.Bootstrap.main(Bootstrap.java:492)
	Caused by: org.apache.catalina.LifecycleException: Protocol handler initialization failed
		at org.apache.catalina.connector.Connector.initInternal(Connector.java:995)
		at org.apache.catalina.util.LifecycleBase.init(LifecycleBase.java:107)
		... 12 more
	Caused by: java.net.BindException: Address already in use
		at java.base/sun.nio.ch.Net.bind0(Native Method)
		at java.base/sun.nio.ch.Net.bind(Net.java:455)
		at java.base/sun.nio.ch.Net.bind(Net.java:447)
		at java.base/sun.nio.ch.ServerSocketChannelImpl.bind(ServerSocketChannelImpl.java:227)
		at java.base/sun.nio.ch.ServerSocketAdaptor.bind(ServerSocketAdaptor.java:80)
		at org.apache.tomcat.util.net.NioEndpoint.bind(NioEndpoint.java:219)
		at org.apache.tomcat.util.net.AbstractEndpoint.init(AbstractEndpoint.java:1118)
		at org.apache.tomcat.util.net.AbstractJsseEndpoint.init(AbstractJsseEndpoint.java:224)
		at org.apache.coyote.AbstractProtocol.init(AbstractProtocol.java:581)
		at org.apache.catalina.connector.Connector.initInternal(Connector.java:993)
		... 13 more
04-Mar-2022 10:19:38.016 INFO [main] org.apache.catalina.startup.Catalina.load Initialization processed in 805 ms
04-Mar-2022 10:19:38.137 INFO [main] org.apache.catalina.core.StandardService.startInternal Starting service [Catalina]
04-Mar-2022 10:19:38.138 INFO [main] org.apache.catalina.core.StandardEngine.startInternal Starting Servlet Engine: Apache Tomcat/8.5.45
04-Mar-2022 10:19:38.233 INFO [localhost-startStop-1] org.apache.catalina.startup.HostConfig.deployDirectory Deploying web application directory [/home/HRM/tomcat_web/webapps/hrm-web]
04-Mar-2022 10:19:38.821 INFO [localhost-startStop-1] org.apache.catalina.startup.HostConfig.deployDirectory Deployment of web application directory [/home/HRM/tomcat_web/webapps/hrm-web] has finished in [588] ms
04-Mar-2022 10:19:38.828 INFO [main] org.apache.coyote.AbstractProtocol.start Starting ProtocolHandler ["http-nio-8097"]
04-Mar-2022 10:19:38.846 INFO [main] org.apache.catalina.startup.Catalina.start Server startup in 829 ms
