03-Feb-2022 02:06:24.485 SEVERE [ajp-nio-8039-exec-9] org.apache.coyote.ajp.AjpMessage.processHeader Invalid message received with signature [3338]
03-Feb-2022 02:06:25.102 SEVERE [ajp-nio-8039-exec-8] org.apache.coyote.ajp.AjpMessage.processHeader Invalid message received with signature [18245]
03-Feb-2022 02:06:25.692 SEVERE [ajp-nio-8039-exec-10] org.apache.coyote.ajp.AjpMessage.processHeader Invalid message received with signature [20304]
03-Feb-2022 02:06:26.280 SEVERE [ajp-nio-8039-exec-1] org.apache.coyote.ajp.AjpMessage.processHeader Invalid message received with signature [20304]
03-Feb-2022 02:06:26.870 SEVERE [ajp-nio-8039-exec-2] org.apache.coyote.ajp.AjpMessage.processHeader Invalid message received with signature [32768]
03-Feb-2022 02:06:27.464 SEVERE [ajp-nio-8039-exec-3] org.apache.coyote.ajp.AjpMessage.processHeader Invalid message received with signature [30]
03-Feb-2022 02:06:28.055 SEVERE [ajp-nio-8039-exec-4] org.apache.coyote.ajp.AjpMessage.processHeader Invalid message received with signature [18501]
03-Feb-2022 02:06:28.641 SEVERE [ajp-nio-8039-exec-5] org.apache.coyote.ajp.AjpMessage.processHeader Invalid message received with signature [5635]
03-Feb-2022 02:06:29.239 SEVERE [ajp-nio-8039-exec-6] org.apache.coyote.ajp.AjpMessage.processHeader Invalid message received with signature [5635]
03-Feb-2022 02:06:29.832 SEVERE [ajp-nio-8039-exec-7] org.apache.coyote.ajp.AjpMessage.processHeader Invalid message received with signature [0]
03-Feb-2022 02:06:30.423 SEVERE [ajp-nio-8039-exec-9] org.apache.coyote.ajp.AjpMessage.processHeader Invalid message received with signature [0]
03-Feb-2022 02:06:30.995 INFO [http-nio-8097-exec-6] org.apache.coyote.http11.Http11Processor.service Error parsing HTTP request header
 Note: further occurrences of HTTP header parsing errors will be logged at DEBUG level.
	java.lang.IllegalArgumentException: Invalid character found in the HTTP protocol
		at org.apache.coyote.http11.Http11InputBuffer.parseRequestLine(Http11InputBuffer.java:547)
		at org.apache.coyote.http11.Http11Processor.service(Http11Processor.java:682)
		at org.apache.coyote.AbstractProcessorLight.process(AbstractProcessorLight.java:66)
		at org.apache.coyote.AbstractProtocol$ConnectionHandler.process(AbstractProtocol.java:810)
		at org.apache.tomcat.util.net.NioEndpoint$SocketProcessor.doRun(NioEndpoint.java:1498)
		at org.apache.tomcat.util.net.SocketProcessorBase.run(SocketProcessorBase.java:49)
		at java.base/java.util.concurrent.ThreadPoolExecutor.runWorker(ThreadPoolExecutor.java:1128)
		at java.base/java.util.concurrent.ThreadPoolExecutor$Worker.run(ThreadPoolExecutor.java:628)
		at org.apache.tomcat.util.threads.TaskThread$WrappingRunnable.run(TaskThread.java:61)
		at java.base/java.lang.Thread.run(Thread.java:829)
03-Feb-2022 02:06:31.015 SEVERE [ajp-nio-8039-exec-8] org.apache.coyote.ajp.AjpMessage.processHeader Invalid message received with signature [27648]
03-Feb-2022 02:06:31.621 SEVERE [ajp-nio-8039-exec-10] org.apache.coyote.ajp.AjpMessage.processHeader Invalid message received with signature [20304]
03-Feb-2022 02:06:40.070 SEVERE [ajp-nio-8039-exec-1] org.apache.coyote.ajp.AjpMessage.processHeader Invalid message received with signature [3584]
03-Feb-2022 02:06:44.566 SEVERE [ajp-nio-8039-exec-2] org.apache.coyote.ajp.AjpMessage.processHeader Invalid message received with signature [18245]
03-Feb-2022 02:06:45.167 SEVERE [ajp-nio-8039-exec-3] org.apache.coyote.ajp.AjpMessage.processHeader Invalid message received with signature [5635]
03-Feb-2022 09:34:50.976 SEVERE [ajp-nio-8039-exec-5] org.apache.coyote.ajp.AjpMessage.processHeader Invalid message received with signature [18245]
03-Feb-2022 09:34:55.280 SEVERE [ajp-nio-8039-exec-6] org.apache.coyote.ajp.AjpMessage.processHeader Invalid message received with signature [768]
03-Feb-2022 09:34:59.261 SEVERE [ajp-nio-8039-exec-7] org.apache.coyote.ajp.AjpMessage.processHeader Invalid message received with signature [0]
03-Feb-2022 09:35:03.130 SEVERE [ajp-nio-8039-exec-9] org.apache.coyote.ajp.AjpMessage.processHeader Invalid message received with signature [4609]
03-Feb-2022 09:35:11.689 SEVERE [ajp-nio-8039-exec-10] org.apache.coyote.ajp.AjpMessage.processHeader Invalid message received with signature [5635]
