27-Dec-2021 10:49:41.143 INFO [main] org.apache.catalina.startup.VersionLoggerListener.log Server version:        Apache Tomcat/8.5.45
27-Dec-2021 10:49:41.147 INFO [main] org.apache.catalina.startup.VersionLoggerListener.log Server built:          Aug 14 2019 22:21:25 UTC
27-Dec-2021 10:49:41.147 INFO [main] org.apache.catalina.startup.VersionLoggerListener.log Server number:         8.5.45.0
27-Dec-2021 10:49:41.147 INFO [main] org.apache.catalina.startup.VersionLoggerListener.log OS Name:               Linux
27-Dec-2021 10:49:41.147 INFO [main] org.apache.catalina.startup.VersionLoggerListener.log OS Version:            4.15.0-162-generic
27-Dec-2021 10:49:41.147 INFO [main] org.apache.catalina.startup.VersionLoggerListener.log Architecture:          amd64
27-Dec-2021 10:49:41.147 INFO [main] org.apache.catalina.startup.VersionLoggerListener.log Java Home:             /usr/lib/jvm/java-11-openjdk-amd64
27-Dec-2021 10:49:41.148 INFO [main] org.apache.catalina.startup.VersionLoggerListener.log JVM Version:           11.0.11+9-Ubuntu-0ubuntu2.18.04
27-Dec-2021 10:49:41.161 INFO [main] org.apache.catalina.startup.VersionLoggerListener.log JVM Vendor:            Ubuntu
27-Dec-2021 10:49:41.162 INFO [main] org.apache.catalina.startup.VersionLoggerListener.log CATALINA_BASE:         /home/Automl-Kien/tomcat_web
27-Dec-2021 10:49:41.162 INFO [main] org.apache.catalina.startup.VersionLoggerListener.log CATALINA_HOME:         /home/Automl-Kien/tomcat_web
27-Dec-2021 10:49:41.163 INFO [main] org.apache.catalina.startup.VersionLoggerListener.log Command line argument: --add-opens=java.base/java.lang=ALL-UNNAMED
27-Dec-2021 10:49:41.164 INFO [main] org.apache.catalina.startup.VersionLoggerListener.log Command line argument: --add-opens=java.base/java.io=ALL-UNNAMED
27-Dec-2021 10:49:41.164 INFO [main] org.apache.catalina.startup.VersionLoggerListener.log Command line argument: --add-opens=java.rmi/sun.rmi.transport=ALL-UNNAMED
27-Dec-2021 10:49:41.165 INFO [main] org.apache.catalina.startup.VersionLoggerListener.log Command line argument: -Djava.util.logging.config.file=/home/Automl-Kien/tomcat_web/conf/logging.properties
27-Dec-2021 10:49:41.165 INFO [main] org.apache.catalina.startup.VersionLoggerListener.log Command line argument: -Djava.util.logging.manager=org.apache.juli.ClassLoaderLogManager
27-Dec-2021 10:49:41.166 INFO [main] org.apache.catalina.startup.VersionLoggerListener.log Command line argument: -Djdk.tls.ephemeralDHKeySize=2048
27-Dec-2021 10:49:41.166 INFO [main] org.apache.catalina.startup.VersionLoggerListener.log Command line argument: -Djava.protocol.handler.pkgs=org.apache.catalina.webresources
27-Dec-2021 10:49:41.166 INFO [main] org.apache.catalina.startup.VersionLoggerListener.log Command line argument: -Dorg.apache.catalina.security.SecurityListener.UMASK=0027
27-Dec-2021 10:49:41.166 INFO [main] org.apache.catalina.startup.VersionLoggerListener.log Command line argument: -Dignore.endorsed.dirs=
27-Dec-2021 10:49:41.167 INFO [main] org.apache.catalina.startup.VersionLoggerListener.log Command line argument: -Dcatalina.base=/home/Automl-Kien/tomcat_web
27-Dec-2021 10:49:41.167 INFO [main] org.apache.catalina.startup.VersionLoggerListener.log Command line argument: -Dcatalina.home=/home/Automl-Kien/tomcat_web
27-Dec-2021 10:49:41.167 INFO [main] org.apache.catalina.startup.VersionLoggerListener.log Command line argument: -Djava.io.tmpdir=/home/Automl-Kien/tomcat_web/temp
27-Dec-2021 10:49:41.167 INFO [main] org.apache.catalina.core.AprLifecycleListener.lifecycleEvent The APR based Apache Tomcat Native library which allows optimal performance in production environments was not found on the java.library.path: [/usr/java/packages/lib:/usr/lib/x86_64-linux-gnu/jni:/lib/x86_64-linux-gnu:/usr/lib/x86_64-linux-gnu:/usr/lib/jni:/lib:/usr/lib]
27-Dec-2021 10:49:41.225 INFO [main] org.apache.coyote.AbstractProtocol.init Initializing ProtocolHandler ["http-nio-8096"]
27-Dec-2021 10:49:41.243 INFO [main] org.apache.tomcat.util.net.NioSelectorPool.getSharedSelector Using a shared selector for servlet write/read
27-Dec-2021 10:49:41.280 INFO [main] org.apache.coyote.AbstractProtocol.init Initializing ProtocolHandler ["ajp-nio-8039"]
27-Dec-2021 10:49:41.286 INFO [main] org.apache.tomcat.util.net.NioSelectorPool.getSharedSelector Using a shared selector for servlet write/read
27-Dec-2021 10:49:41.287 INFO [main] org.apache.catalina.startup.Catalina.load Initialization processed in 1034 ms
27-Dec-2021 10:49:41.387 INFO [main] org.apache.catalina.core.StandardService.startInternal Starting service [Catalina]
27-Dec-2021 10:49:41.388 INFO [main] org.apache.catalina.core.StandardEngine.startInternal Starting Servlet Engine: Apache Tomcat/8.5.45
27-Dec-2021 10:49:41.444 INFO [localhost-startStop-1] org.apache.catalina.startup.HostConfig.deployDirectory Deploying web application directory [/home/Automl-Kien/tomcat_web/webapps/hrm-web]
27-Dec-2021 10:49:41.761 INFO [localhost-startStop-1] org.apache.catalina.startup.HostConfig.deployDirectory Deployment of web application directory [/home/Automl-Kien/tomcat_web/webapps/hrm-web] has finished in [317] ms
27-Dec-2021 10:49:41.769 INFO [main] org.apache.coyote.AbstractProtocol.start Starting ProtocolHandler ["http-nio-8096"]
27-Dec-2021 10:49:41.792 INFO [main] org.apache.coyote.AbstractProtocol.start Starting ProtocolHandler ["ajp-nio-8039"]
27-Dec-2021 10:49:41.814 INFO [main] org.apache.catalina.startup.Catalina.start Server startup in 526 ms
27-Dec-2021 11:13:30.881 SEVERE [http-nio-8096-exec-6] org.apache.coyote.http11.Http11Processor.service Error processing request
	java.lang.NullPointerException
		at org.apache.catalina.valves.rewrite.ResolverImpl.resolveResource(ResolverImpl.java:155)
		at org.apache.catalina.valves.rewrite.RewriteCond$ResourceCondition.evaluate(RewriteCond.java:85)
		at org.apache.catalina.valves.rewrite.RewriteCond.evaluate(RewriteCond.java:212)
		at org.apache.catalina.valves.rewrite.RewriteRule.evaluate(RewriteRule.java:112)
		at org.apache.catalina.valves.rewrite.RewriteValve.invoke(RewriteValve.java:340)
		at org.apache.catalina.valves.AbstractAccessLogValve.invoke(AbstractAccessLogValve.java:678)
		at org.apache.catalina.core.StandardEngineValve.invoke(StandardEngineValve.java:87)
		at org.apache.catalina.connector.CoyoteAdapter.service(CoyoteAdapter.java:343)
		at org.apache.coyote.http11.Http11Processor.service(Http11Processor.java:798)
		at org.apache.coyote.AbstractProcessorLight.process(AbstractProcessorLight.java:66)
		at org.apache.coyote.AbstractProtocol$ConnectionHandler.process(AbstractProtocol.java:810)
		at org.apache.tomcat.util.net.NioEndpoint$SocketProcessor.doRun(NioEndpoint.java:1498)
		at org.apache.tomcat.util.net.SocketProcessorBase.run(SocketProcessorBase.java:49)
		at java.base/java.util.concurrent.ThreadPoolExecutor.runWorker(ThreadPoolExecutor.java:1128)
		at java.base/java.util.concurrent.ThreadPoolExecutor$Worker.run(ThreadPoolExecutor.java:628)
		at org.apache.tomcat.util.threads.TaskThread$WrappingRunnable.run(TaskThread.java:61)
		at java.base/java.lang.Thread.run(Thread.java:829)
27-Dec-2021 18:02:54.547 INFO [ContainerBackgroundProcessor[StandardEngine[Catalina]]] org.apache.catalina.startup.HostConfig.undeploy Undeploying context [/hrm-web]
27-Dec-2021 18:03:04.581 INFO [localhost-startStop-2] org.apache.catalina.startup.HostConfig.deployDirectory Deploying web application directory [/home/Automl-Kien/tomcat_web/webapps/hrm-web]
27-Dec-2021 18:03:04.623 INFO [localhost-startStop-2] org.apache.catalina.startup.HostConfig.deployDirectory Deployment of web application directory [/home/Automl-Kien/tomcat_web/webapps/hrm-web] has finished in [42] ms
