27-Dec-2021 10:49:27.743 INFO [ContainerBackgroundProcessor[StandardEngine[Catalina]]] org.apache.catalina.core.ApplicationContext.log Destroying Spring FrameworkServlet 'dispatcherServlet'
27-Dec-2021 10:49:27.753 INFO [ContainerBackgroundProcessor[StandardEngine[Catalina]]] org.apache.catalina.core.ApplicationContext.log Closing Spring root WebApplicationContext
27-Dec-2021 10:49:27.836 SEVERE [ContainerBackgroundProcessor[StandardEngine[Catalina]]] org.apache.catalina.core.StandardContext.listenerStop Exception sending context destroyed event to listener instance of class [org.springframework.boot.web.servlet.support.SpringBootServletInitializer$SpringBootContextLoaderListener]
	java.lang.IllegalStateException: java.io.IOException: java.lang.reflect.InvocationTargetException
		at org.apache.catalina.webresources.AbstractSingleArchiveResourceSet.getArchiveEntry(AbstractSingleArchiveResourceSet.java:100)
		at org.apache.catalina.webresources.AbstractArchiveResourceSet.getResource(AbstractArchiveResourceSet.java:257)
		at org.apache.catalina.webresources.StandardRoot.getResourceInternal(StandardRoot.java:281)
		at org.apache.catalina.webresources.Cache.getResource(Cache.java:62)
		at org.apache.catalina.webresources.StandardRoot.getResource(StandardRoot.java:216)
		at org.apache.catalina.webresources.StandardRoot.getClassLoaderResource(StandardRoot.java:225)
		at org.apache.catalina.loader.WebappClassLoaderBase.findClassInternal(WebappClassLoaderBase.java:2279)
		at org.apache.catalina.loader.WebappClassLoaderBase.findClass(WebappClassLoaderBase.java:857)
		at org.apache.catalina.loader.WebappClassLoaderBase.loadClass(WebappClassLoaderBase.java:1329)
		at org.apache.catalina.loader.WebappClassLoaderBase.loadClass(WebappClassLoaderBase.java:1182)
		at oracle.jdbc.driver.OracleDriver.deregister(OracleDriver.java:525)
		at java.sql/java.sql.DriverManager.deregisterDriver(DriverManager.java:398)
		at org.springframework.boot.web.servlet.support.SpringBootServletInitializer.deregisterJdbcDrivers(SpringBootServletInitializer.java:118)
		at org.springframework.boot.web.servlet.support.SpringBootServletInitializer$SpringBootContextLoaderListener.contextDestroyed(SpringBootServletInitializer.java:249)
		at org.apache.catalina.core.StandardContext.listenerStop(StandardContext.java:4744)
		at org.apache.catalina.core.StandardContext.stopInternal(StandardContext.java:5403)
		at org.apache.catalina.util.LifecycleBase.stop(LifecycleBase.java:226)
		at org.apache.catalina.core.ContainerBase.removeChild(ContainerBase.java:834)
		at org.apache.catalina.startup.HostConfig.undeploy(HostConfig.java:1417)
		at org.apache.catalina.startup.HostConfig.checkResources(HostConfig.java:1344)
		at org.apache.catalina.startup.HostConfig.check(HostConfig.java:1603)
		at org.apache.catalina.startup.HostConfig.lifecycleEvent(HostConfig.java:304)
		at org.apache.catalina.util.LifecycleBase.fireLifecycleEvent(LifecycleBase.java:94)
		at org.apache.catalina.core.ContainerBase.backgroundProcess(ContainerBase.java:1159)
		at org.apache.catalina.core.ContainerBase$ContainerBackgroundProcessor.processChildren(ContainerBase.java:1381)
		at org.apache.catalina.core.ContainerBase$ContainerBackgroundProcessor.processChildren(ContainerBase.java:1385)
		at org.apache.catalina.core.ContainerBase$ContainerBackgroundProcessor.run(ContainerBase.java:1353)
		at java.base/java.lang.Thread.run(Thread.java:829)
	Caused by: java.io.IOException: java.lang.reflect.InvocationTargetException
		at org.apache.tomcat.util.compat.Jre9Compat.jarFileNewInstance(Jre9Compat.java:212)
		at org.apache.tomcat.util.compat.JreCompat.jarFileNewInstance(JreCompat.java:181)
		at org.apache.catalina.webresources.AbstractArchiveResourceSet.openJarFile(AbstractArchiveResourceSet.java:308)
		at org.apache.catalina.webresources.AbstractSingleArchiveResourceSet.getArchiveEntry(AbstractSingleArchiveResourceSet.java:96)
		... 27 more
	Caused by: java.lang.reflect.InvocationTargetException
		at java.base/jdk.internal.reflect.GeneratedConstructorAccessor7.newInstance(Unknown Source)
		at java.base/jdk.internal.reflect.DelegatingConstructorAccessorImpl.newInstance(DelegatingConstructorAccessorImpl.java:45)
		at java.base/java.lang.reflect.Constructor.newInstance(Constructor.java:490)
		at org.apache.tomcat.util.compat.Jre9Compat.jarFileNewInstance(Jre9Compat.java:209)
		... 30 more
	Caused by: java.nio.file.NoSuchFileException: /home/Automl-Kien/tomcat_web/webapps/automl/WEB-INF/lib/jjwt-0.9.1.jar
		at java.base/sun.nio.fs.UnixException.translateToIOException(UnixException.java:92)
		at java.base/sun.nio.fs.UnixException.rethrowAsIOException(UnixException.java:111)
		at java.base/sun.nio.fs.UnixException.rethrowAsIOException(UnixException.java:116)
		at java.base/sun.nio.fs.UnixFileAttributeViews$Basic.readAttributes(UnixFileAttributeViews.java:55)
		at java.base/sun.nio.fs.UnixFileSystemProvider.readAttributes(UnixFileSystemProvider.java:149)
		at java.base/sun.nio.fs.LinuxFileSystemProvider.readAttributes(LinuxFileSystemProvider.java:99)
		at java.base/java.nio.file.Files.readAttributes(Files.java:1764)
		at java.base/java.util.zip.ZipFile$Source.get(ZipFile.java:1239)
		at java.base/java.util.zip.ZipFile$CleanableResource.<init>(ZipFile.java:732)
		at java.base/java.util.zip.ZipFile$CleanableResource.get(ZipFile.java:849)
		at java.base/java.util.zip.ZipFile.<init>(ZipFile.java:247)
		at java.base/java.util.zip.ZipFile.<init>(ZipFile.java:177)
		at java.base/java.util.jar.JarFile.<init>(JarFile.java:348)
		... 34 more
27-Dec-2021 10:49:27.893 SEVERE [ContainerBackgroundProcessor[StandardEngine[Catalina]]] org.apache.catalina.core.StandardContext.listenerStop Exception sending context destroyed event to listener instance of class [com.viettel.automl.config.ConfigServletContextListener]
	MultiException[java.lang.IllegalStateException: java.io.IOException: java.lang.reflect.InvocationTargetException, java.lang.IllegalStateException: java.io.IOException: java.lang.reflect.InvocationTargetException]
		at org.eclipse.jetty.util.MultiException.ifExceptionThrow(MultiException.java:122)
		at org.eclipse.jetty.server.Server.doStop(Server.java:469)
		at org.eclipse.jetty.util.component.AbstractLifeCycle.stop(AbstractLifeCycle.java:93)
		at com.viettel.automl.config.ConfigServletContextListener.contextDestroyed(ConfigServletContextListener.java:15)
		at org.apache.catalina.core.StandardContext.listenerStop(StandardContext.java:4744)
		at org.apache.catalina.core.StandardContext.stopInternal(StandardContext.java:5403)
		at org.apache.catalina.util.LifecycleBase.stop(LifecycleBase.java:226)
		at org.apache.catalina.core.ContainerBase.removeChild(ContainerBase.java:834)
		at org.apache.catalina.startup.HostConfig.undeploy(HostConfig.java:1417)
		at org.apache.catalina.startup.HostConfig.checkResources(HostConfig.java:1344)
		at org.apache.catalina.startup.HostConfig.check(HostConfig.java:1603)
		at org.apache.catalina.startup.HostConfig.lifecycleEvent(HostConfig.java:304)
		at org.apache.catalina.util.LifecycleBase.fireLifecycleEvent(LifecycleBase.java:94)
		at org.apache.catalina.core.ContainerBase.backgroundProcess(ContainerBase.java:1159)
		at org.apache.catalina.core.ContainerBase$ContainerBackgroundProcessor.processChildren(ContainerBase.java:1381)
		at org.apache.catalina.core.ContainerBase$ContainerBackgroundProcessor.processChildren(ContainerBase.java:1385)
		at org.apache.catalina.core.ContainerBase$ContainerBackgroundProcessor.run(ContainerBase.java:1353)
		at java.base/java.lang.Thread.run(Thread.java:829)
		Suppressed: java.lang.IllegalStateException: java.io.IOException: java.lang.reflect.InvocationTargetException
			at org.apache.catalina.webresources.AbstractSingleArchiveResourceSet.getArchiveEntry(AbstractSingleArchiveResourceSet.java:100)
			at org.apache.catalina.webresources.AbstractArchiveResourceSet.getResource(AbstractArchiveResourceSet.java:257)
			at org.apache.catalina.webresources.StandardRoot.getResourceInternal(StandardRoot.java:281)
			at org.apache.catalina.webresources.Cache.getResource(Cache.java:62)
			at org.apache.catalina.webresources.StandardRoot.getResource(StandardRoot.java:216)
			at org.apache.catalina.webresources.StandardRoot.getClassLoaderResource(StandardRoot.java:225)
			at org.apache.catalina.loader.WebappClassLoaderBase.findClassInternal(WebappClassLoaderBase.java:2279)
			at org.apache.catalina.loader.WebappClassLoaderBase.findClass(WebappClassLoaderBase.java:857)
			at org.apache.catalina.loader.WebappClassLoaderBase.loadClass(WebappClassLoaderBase.java:1329)
			at org.apache.catalina.loader.WebappClassLoaderBase.loadClass(WebappClassLoaderBase.java:1182)
			at org.eclipse.jetty.io.ManagedSelector.doStop(ManagedSelector.java:134)
			at org.eclipse.jetty.util.component.AbstractLifeCycle.stop(AbstractLifeCycle.java:93)
			at org.eclipse.jetty.util.component.ContainerLifeCycle.stop(ContainerLifeCycle.java:180)
			at org.eclipse.jetty.util.component.ContainerLifeCycle.doStop(ContainerLifeCycle.java:201)
			at org.eclipse.jetty.io.SelectorManager.doStop(SelectorManager.java:281)
			at org.eclipse.jetty.util.component.AbstractLifeCycle.stop(AbstractLifeCycle.java:93)
			at org.eclipse.jetty.util.component.ContainerLifeCycle.stop(ContainerLifeCycle.java:180)
			at org.eclipse.jetty.util.component.ContainerLifeCycle.doStop(ContainerLifeCycle.java:201)
			at org.eclipse.jetty.server.AbstractConnector.doStop(AbstractConnector.java:374)
			at org.eclipse.jetty.server.AbstractNetworkConnector.doStop(AbstractNetworkConnector.java:88)
			at org.eclipse.jetty.server.ServerConnector.doStop(ServerConnector.java:246)
			at org.eclipse.jetty.util.component.AbstractLifeCycle.stop(AbstractLifeCycle.java:93)
			at org.eclipse.jetty.server.Server.doStop(Server.java:444)
			... 16 more
		Caused by: java.io.IOException: java.lang.reflect.InvocationTargetException
			at org.apache.tomcat.util.compat.Jre9Compat.jarFileNewInstance(Jre9Compat.java:212)
			at org.apache.tomcat.util.compat.JreCompat.jarFileNewInstance(JreCompat.java:181)
			at org.apache.catalina.webresources.AbstractArchiveResourceSet.openJarFile(AbstractArchiveResourceSet.java:308)
			at org.apache.catalina.webresources.AbstractSingleArchiveResourceSet.getArchiveEntry(AbstractSingleArchiveResourceSet.java:96)
			... 38 more
		Caused by: java.lang.reflect.InvocationTargetException
			at java.base/jdk.internal.reflect.GeneratedConstructorAccessor7.newInstance(Unknown Source)
			at java.base/jdk.internal.reflect.DelegatingConstructorAccessorImpl.newInstance(DelegatingConstructorAccessorImpl.java:45)
			at java.base/java.lang.reflect.Constructor.newInstance(Constructor.java:490)
			at org.apache.tomcat.util.compat.Jre9Compat.jarFileNewInstance(Jre9Compat.java:209)
			... 41 more
		Caused by: java.nio.file.NoSuchFileException: /home/Automl-Kien/tomcat_web/webapps/automl/WEB-INF/lib/jjwt-0.9.1.jar
			at java.base/sun.nio.fs.UnixException.translateToIOException(UnixException.java:92)
			at java.base/sun.nio.fs.UnixException.rethrowAsIOException(UnixException.java:111)
			at java.base/sun.nio.fs.UnixException.rethrowAsIOException(UnixException.java:116)
			at java.base/sun.nio.fs.UnixFileAttributeViews$Basic.readAttributes(UnixFileAttributeViews.java:55)
			at java.base/sun.nio.fs.UnixFileSystemProvider.readAttributes(UnixFileSystemProvider.java:149)
			at java.base/sun.nio.fs.LinuxFileSystemProvider.readAttributes(LinuxFileSystemProvider.java:99)
			at java.base/java.nio.file.Files.readAttributes(Files.java:1764)
			at java.base/java.util.zip.ZipFile$Source.get(ZipFile.java:1239)
			at java.base/java.util.zip.ZipFile$CleanableResource.<init>(ZipFile.java:732)
			at java.base/java.util.zip.ZipFile$CleanableResource.get(ZipFile.java:849)
			at java.base/java.util.zip.ZipFile.<init>(ZipFile.java:247)
			at java.base/java.util.zip.ZipFile.<init>(ZipFile.java:177)
			at java.base/java.util.jar.JarFile.<init>(JarFile.java:348)
			... 45 more
		Suppressed: java.lang.IllegalStateException: java.io.IOException: java.lang.reflect.InvocationTargetException
			at org.apache.catalina.webresources.AbstractSingleArchiveResourceSet.getArchiveEntry(AbstractSingleArchiveResourceSet.java:100)
			at org.apache.catalina.webresources.AbstractArchiveResourceSet.getResource(AbstractArchiveResourceSet.java:257)
			at org.apache.catalina.webresources.StandardRoot.getResourceInternal(StandardRoot.java:281)
			at org.apache.catalina.webresources.Cache.getResource(Cache.java:62)
			at org.apache.catalina.webresources.StandardRoot.getResource(StandardRoot.java:216)
			at org.apache.catalina.webresources.StandardRoot.getClassLoaderResource(StandardRoot.java:225)
			at org.apache.catalina.loader.WebappClassLoaderBase.findClassInternal(WebappClassLoaderBase.java:2279)
			at org.apache.catalina.loader.WebappClassLoaderBase.findClass(WebappClassLoaderBase.java:857)
			at org.apache.catalina.loader.WebappClassLoaderBase.loadClass(WebappClassLoaderBase.java:1329)
			at org.apache.catalina.loader.WebappClassLoaderBase.loadClass(WebappClassLoaderBase.java:1182)
			at org.eclipse.jetty.io.ManagedSelector.doStop(ManagedSelector.java:134)
			at org.eclipse.jetty.util.component.AbstractLifeCycle.stop(AbstractLifeCycle.java:93)
			at org.eclipse.jetty.util.component.ContainerLifeCycle.stop(ContainerLifeCycle.java:180)
			at org.eclipse.jetty.util.component.ContainerLifeCycle.doStop(ContainerLifeCycle.java:201)
			at org.eclipse.jetty.io.SelectorManager.doStop(SelectorManager.java:281)
			at org.eclipse.jetty.util.component.AbstractLifeCycle.stop(AbstractLifeCycle.java:93)
			at org.eclipse.jetty.util.component.ContainerLifeCycle.stop(ContainerLifeCycle.java:180)
			at org.eclipse.jetty.util.component.ContainerLifeCycle.doStop(ContainerLifeCycle.java:201)
			at org.eclipse.jetty.server.AbstractConnector.doStop(AbstractConnector.java:374)
			at org.eclipse.jetty.server.AbstractNetworkConnector.doStop(AbstractNetworkConnector.java:88)
			at org.eclipse.jetty.server.ServerConnector.doStop(ServerConnector.java:246)
			at org.eclipse.jetty.util.component.AbstractLifeCycle.stop(AbstractLifeCycle.java:93)
			at org.eclipse.jetty.server.Server.doStop(Server.java:444)
			... 16 more
		Caused by: java.io.IOException: java.lang.reflect.InvocationTargetException
			at org.apache.tomcat.util.compat.Jre9Compat.jarFileNewInstance(Jre9Compat.java:212)
			at org.apache.tomcat.util.compat.JreCompat.jarFileNewInstance(JreCompat.java:181)
			at org.apache.catalina.webresources.AbstractArchiveResourceSet.openJarFile(AbstractArchiveResourceSet.java:308)
			at org.apache.catalina.webresources.AbstractSingleArchiveResourceSet.getArchiveEntry(AbstractSingleArchiveResourceSet.java:96)
			... 38 more
		Caused by: java.lang.reflect.InvocationTargetException
			at java.base/jdk.internal.reflect.GeneratedConstructorAccessor7.newInstance(Unknown Source)
			at java.base/jdk.internal.reflect.DelegatingConstructorAccessorImpl.newInstance(DelegatingConstructorAccessorImpl.java:45)
			at java.base/java.lang.reflect.Constructor.newInstance(Constructor.java:490)
			at org.apache.tomcat.util.compat.Jre9Compat.jarFileNewInstance(Jre9Compat.java:209)
			... 41 more
		Caused by: java.nio.file.NoSuchFileException: /home/Automl-Kien/tomcat_web/webapps/automl/WEB-INF/lib/jjwt-0.9.1.jar
			at java.base/sun.nio.fs.UnixException.translateToIOException(UnixException.java:92)
			at java.base/sun.nio.fs.UnixException.rethrowAsIOException(UnixException.java:111)
			at java.base/sun.nio.fs.UnixException.rethrowAsIOException(UnixException.java:116)
			at java.base/sun.nio.fs.UnixFileAttributeViews$Basic.readAttributes(UnixFileAttributeViews.java:55)
			at java.base/sun.nio.fs.UnixFileSystemProvider.readAttributes(UnixFileSystemProvider.java:149)
			at java.base/sun.nio.fs.LinuxFileSystemProvider.readAttributes(LinuxFileSystemProvider.java:99)
			at java.base/java.nio.file.Files.readAttributes(Files.java:1764)
			at java.base/java.util.zip.ZipFile$Source.get(ZipFile.java:1239)
			at java.base/java.util.zip.ZipFile$CleanableResource.<init>(ZipFile.java:732)
			at java.base/java.util.zip.ZipFile$CleanableResource.get(ZipFile.java:849)
			at java.base/java.util.zip.ZipFile.<init>(ZipFile.java:247)
			at java.base/java.util.zip.ZipFile.<init>(ZipFile.java:177)
			at java.base/java.util.jar.JarFile.<init>(JarFile.java:348)
			... 45 more
	Caused by: [CIRCULAR REFERENCE: java.lang.IllegalStateException: java.io.IOException: java.lang.reflect.InvocationTargetException]
